2014-03-26 18:04:21.033+0000 INFO  [o.n.k.i.DiagnosticsManager]: --- INITIALIZED diagnostics START ---
2014-03-26 18:04:21.033+0000 INFO  [o.n.k.i.DiagnosticsManager]: Neo4j Kernel properties:
2014-03-26 18:04:21.033+0000 INFO  [o.n.k.i.DiagnosticsManager]: neostore.propertystore.db.mapped_memory=15M
2014-03-26 18:04:21.033+0000 INFO  [o.n.k.i.DiagnosticsManager]: neostore.nodestore.db.mapped_memory=4M
2014-03-26 18:04:21.033+0000 INFO  [o.n.k.i.DiagnosticsManager]: neostore.relationshipstore.db.mapped_memory=18M
2014-03-26 18:04:21.033+0000 INFO  [o.n.k.i.DiagnosticsManager]: neostore.propertystore.db.strings.mapped_memory=12M
2014-03-26 18:04:21.033+0000 INFO  [o.n.k.i.DiagnosticsManager]: store_dir=C:\Users\Jose Enrique\Documents\Neo4j\BDObservaciones
2014-03-26 18:04:21.033+0000 INFO  [o.n.k.i.DiagnosticsManager]: keep_logical_logs=true
2014-03-26 18:04:21.033+0000 INFO  [o.n.k.i.DiagnosticsManager]: neostore.propertystore.db.arrays.mapped_memory=14M
2014-03-26 18:04:21.033+0000 INFO  [o.n.k.i.DiagnosticsManager]: ephemeral=false
2014-03-26 18:04:21.033+0000 INFO  [o.n.k.i.DiagnosticsManager]: Diagnostics providers:
2014-03-26 18:04:21.033+0000 INFO  [o.n.k.i.DiagnosticsManager]: org.neo4j.kernel.configuration.Config
2014-03-26 18:04:21.033+0000 INFO  [o.n.k.i.DiagnosticsManager]: org.neo4j.kernel.info.DiagnosticsManager
2014-03-26 18:04:21.033+0000 INFO  [o.n.k.i.DiagnosticsManager]: SYSTEM_MEMORY
2014-03-26 18:04:21.033+0000 INFO  [o.n.k.i.DiagnosticsManager]: JAVA_MEMORY
2014-03-26 18:04:21.033+0000 INFO  [o.n.k.i.DiagnosticsManager]: OPERATING_SYSTEM
2014-03-26 18:04:21.033+0000 INFO  [o.n.k.i.DiagnosticsManager]: JAVA_VIRTUAL_MACHINE
2014-03-26 18:04:21.033+0000 INFO  [o.n.k.i.DiagnosticsManager]: CLASSPATH
2014-03-26 18:04:21.033+0000 INFO  [o.n.k.i.DiagnosticsManager]: LIBRARY_PATH
2014-03-26 18:04:21.033+0000 INFO  [o.n.k.i.DiagnosticsManager]: SYSTEM_PROPERTIES
2014-03-26 18:04:21.033+0000 INFO  [o.n.k.i.DiagnosticsManager]: NETWORK
2014-03-26 18:04:21.033+0000 INFO  [o.n.k.i.DiagnosticsManager]: System memory information:
2014-03-26 18:04:21.033+0000 INFO  [o.n.k.i.DiagnosticsManager]: Total Physical memory: 2,00 GB
2014-03-26 18:04:21.033+0000 INFO  [o.n.k.i.DiagnosticsManager]: Free Physical memory: 1,70 GB
2014-03-26 18:04:21.033+0000 INFO  [o.n.k.i.DiagnosticsManager]: Committed virtual memory: 109,22 MB
2014-03-26 18:04:21.033+0000 INFO  [o.n.k.i.DiagnosticsManager]: Total swap space: 4,00 GB
2014-03-26 18:04:21.033+0000 INFO  [o.n.k.i.DiagnosticsManager]: Free swap space: 4,00 GB
2014-03-26 18:04:21.033+0000 INFO  [o.n.k.i.DiagnosticsManager]: JVM memory information:
2014-03-26 18:04:21.033+0000 INFO  [o.n.k.i.DiagnosticsManager]: Free  memory: 19,90 MB
2014-03-26 18:04:21.033+0000 INFO  [o.n.k.i.DiagnosticsManager]: Total memory: 37,70 MB
2014-03-26 18:04:21.033+0000 INFO  [o.n.k.i.DiagnosticsManager]: Max   memory: 247,50 MB
2014-03-26 18:04:21.033+0000 INFO  [o.n.k.i.DiagnosticsManager]: Garbage Collector: Copy: [Eden Space, Survivor Space]
2014-03-26 18:04:21.033+0000 INFO  [o.n.k.i.DiagnosticsManager]: Garbage Collector: MarkSweepCompact: [Eden Space, Survivor Space, Tenured Gen, Perm Gen, Perm Gen [shared-ro], Perm Gen [shared-rw]]
2014-03-26 18:04:21.033+0000 INFO  [o.n.k.i.DiagnosticsManager]: Memory Pool: Code Cache (Non-heap memory): committed=3,78 MB, used=3,77 MB, max=32,00 MB, threshold=0,00 B
2014-03-26 18:04:21.033+0000 INFO  [o.n.k.i.DiagnosticsManager]: Memory Pool: Eden Space (Heap memory): committed=10,56 MB, used=364,16 kB, max=68,31 MB, threshold=?
2014-03-26 18:04:21.033+0000 INFO  [o.n.k.i.DiagnosticsManager]: Memory Pool: Survivor Space (Heap memory): committed=1,25 MB, used=387,34 kB, max=8,50 MB, threshold=?
2014-03-26 18:04:21.033+0000 INFO  [o.n.k.i.DiagnosticsManager]: Memory Pool: Tenured Gen (Heap memory): committed=25,89 MB, used=17,07 MB, max=170,69 MB, threshold=0,00 B
2014-03-26 18:04:21.033+0000 INFO  [o.n.k.i.DiagnosticsManager]: Memory Pool: Perm Gen (Non-heap memory): committed=26,25 MB, used=26,17 MB, max=64,00 MB, threshold=0,00 B
2014-03-26 18:04:21.033+0000 INFO  [o.n.k.i.DiagnosticsManager]: Memory Pool: Perm Gen [shared-ro] (Non-heap memory): committed=10,00 MB, used=4,20 MB, max=10,00 MB, threshold=0,00 B
2014-03-26 18:04:21.033+0000 INFO  [o.n.k.i.DiagnosticsManager]: Memory Pool: Perm Gen [shared-rw] (Non-heap memory): committed=12,00 MB, used=6,28 MB, max=12,00 MB, threshold=0,00 B
2014-03-26 18:04:21.033+0000 INFO  [o.n.k.i.DiagnosticsManager]: Operating system information:
2014-03-26 18:04:21.033+0000 INFO  [o.n.k.i.DiagnosticsManager]: Operating System: Windows Vista; version: 6.0; arch: x86; cpus: 2
2014-03-26 18:04:21.033+0000 INFO  [o.n.k.i.DiagnosticsManager]: Process id: 3096@JoseEnrique1
2014-03-26 18:04:21.033+0000 INFO  [o.n.k.i.DiagnosticsManager]: Byte order: LITTLE_ENDIAN
2014-03-26 18:04:21.033+0000 INFO  [o.n.k.i.DiagnosticsManager]: Local timezone: Europe/Paris
2014-03-26 18:04:21.033+0000 INFO  [o.n.k.i.DiagnosticsManager]: JVM information:
2014-03-26 18:04:21.033+0000 INFO  [o.n.k.i.DiagnosticsManager]: VM Name: Java HotSpot(TM) Client VM
2014-03-26 18:04:21.033+0000 INFO  [o.n.k.i.DiagnosticsManager]: VM Vendor: Oracle Corporation
2014-03-26 18:04:21.033+0000 INFO  [o.n.k.i.DiagnosticsManager]: VM Version: 24.51-b03
2014-03-26 18:04:21.033+0000 INFO  [o.n.k.i.DiagnosticsManager]: JIT compiler: HotSpot Client Compiler
2014-03-26 18:04:21.033+0000 INFO  [o.n.k.i.DiagnosticsManager]: VM Arguments: [-Dexe4j.semaphoreName=Local\c:_program_files_neo4j_community_bin_neo4j-community.exe, -Dexe4j.isInstall4j=true, -Dexe4j.moduleName=C:\Program Files\Neo4j Community\bin\neo4j-community.exe, -Dexe4j.processCommFile=C:\Users\JOSEEN~1\AppData\Local\Temp\e4j_p3096.tmp, -Dexe4j.tempDir=, -Dexe4j.unextractedPosition=0, -Djava.library.path=C:\Windows\system32;C:\Windows;C:\Windows\System32\Wbem;C:\Program Files\Microsoft SQL Server\90\Tools\binn\;C:\Acer\Empowering Technology\eDataSecurity\;C:\Acer\Empowering Technology\eDataSecurity\x86;C:\Acer\Empowering Technology\eDataSecurity\x64;C:\Windows\System32\WindowsPowerShell\v1.0\;C:\Program Files\Intel\WiFi\bin\;D:\adt-bundle-windows-x86-20130917\adt-bundle-windows-x86-20130917\sdk\platform-tools;C:\apache-maven-3.2.1\bin;C:\Windows\system32;C:\Windows;C:\Windows\System32\Wbem;C:\Program Files\Microsoft SQL Server\90\Tools\binn\;C:\Acer\Empowering Technology\eDataSecurity\;C:\Acer\Empowering Technology\eDataSecurity\x86;C:\Acer\Empowering Technology\eDataSecurity\x64;C:\Windows\System32\WindowsPowerShell\v1.0\;C:\Program Files\Intel\WiFi\bin\;D:\adt-bundle-windows-x86-20130917\adt-bundle-windows-x86-20130917\sdk\platform-tools;c:\program files\java\jre7\bin, -Dexe4j.consoleCodepage=cp0, -Dinstall4j.launcherId=24, -Dinstall4j.swt=false]
2014-03-26 18:04:21.033+0000 INFO  [o.n.k.i.DiagnosticsManager]: Java classpath:
2014-03-26 18:04:21.049+0000 INFO  [o.n.k.i.DiagnosticsManager]:  [bootstrap] C:\Program Files\Java\jre7\lib\resources.jar
2014-03-26 18:04:21.049+0000 INFO  [o.n.k.i.DiagnosticsManager]:  [classpath] C:\Program Files\Neo4j Community\.install4j\i4jruntime.jar
2014-03-26 18:04:21.049+0000 INFO  [o.n.k.i.DiagnosticsManager]:  [loader.1] file:/C:/Program%20Files/Java/jre7/lib/ext/localedata.jar
2014-03-26 18:04:21.049+0000 INFO  [o.n.k.i.DiagnosticsManager]:  [loader.0] file:/C:/Program%20Files/Neo4j%20Community/bin/neo4j-desktop-2.0.0.jar
2014-03-26 18:04:21.049+0000 INFO  [o.n.k.i.DiagnosticsManager]:  [loader.1] file:/C:/Program%20Files/Java/jre7/lib/ext/zipfs.jar
2014-03-26 18:04:21.049+0000 INFO  [o.n.k.i.DiagnosticsManager]:  [bootstrap] C:\Program Files\Java\jre7\classes
2014-03-26 18:04:21.049+0000 INFO  [o.n.k.i.DiagnosticsManager]:  [loader.1] file:/C:/Program%20Files/Java/jre7/lib/ext/sunjce_provider.jar
2014-03-26 18:04:21.049+0000 INFO  [o.n.k.i.DiagnosticsManager]:  [loader.1] file:/C:/Program%20Files/Java/jre7/lib/ext/jaccess.jar
2014-03-26 18:04:21.049+0000 INFO  [o.n.k.i.DiagnosticsManager]:  [bootstrap] C:\Program Files\Java\jre7\lib\jfr.jar
2014-03-26 18:04:21.049+0000 INFO  [o.n.k.i.DiagnosticsManager]:  [classpath] C:\Program Files\Neo4j Community\bin\neo4j-desktop-2.0.0.jar
2014-03-26 18:04:21.049+0000 INFO  [o.n.k.i.DiagnosticsManager]:  [bootstrap] C:\Program Files\Java\jre7\lib\jsse.jar
2014-03-26 18:04:21.049+0000 INFO  [o.n.k.i.DiagnosticsManager]:  [loader.1] file:/C:/Program%20Files/Java/jre7/lib/ext/sunmscapi.jar
2014-03-26 18:04:21.049+0000 INFO  [o.n.k.i.DiagnosticsManager]:  [loader.0] file:/C:/Program%20Files/Neo4j%20Community/bin/
2014-03-26 18:04:21.049+0000 INFO  [o.n.k.i.DiagnosticsManager]:  [bootstrap] C:\Program Files\Java\jre7\lib\jce.jar
2014-03-26 18:04:21.049+0000 INFO  [o.n.k.i.DiagnosticsManager]:  [bootstrap] C:\Program Files\Java\jre7\lib\rt.jar
2014-03-26 18:04:21.049+0000 INFO  [o.n.k.i.DiagnosticsManager]:  [loader.1] file:/C:/Program%20Files/Java/jre7/lib/ext/access-bridge.jar
2014-03-26 18:04:21.049+0000 INFO  [o.n.k.i.DiagnosticsManager]:  [bootstrap] C:\Program Files\Java\jre7\lib\sunrsasign.jar
2014-03-26 18:04:21.049+0000 INFO  [o.n.k.i.DiagnosticsManager]:  [loader.1] file:/C:/Program%20Files/Java/jre7/lib/ext/sunpkcs11.jar
2014-03-26 18:04:21.049+0000 INFO  [o.n.k.i.DiagnosticsManager]:  [loader.1] file:/C:/Program%20Files/Java/jre7/lib/ext/dnsns.jar
2014-03-26 18:04:21.049+0000 INFO  [o.n.k.i.DiagnosticsManager]:  [bootstrap] C:\Program Files\Java\jre7\lib\charsets.jar
2014-03-26 18:04:21.049+0000 INFO  [o.n.k.i.DiagnosticsManager]:  [loader.0] file:/C:/Program%20Files/Neo4j%20Community/.install4j/i4jruntime.jar
2014-03-26 18:04:21.049+0000 INFO  [o.n.k.i.DiagnosticsManager]:  [loader.1] file:/C:/Program%20Files/Java/jre7/lib/ext/sunec.jar
2014-03-26 18:04:21.049+0000 INFO  [o.n.k.i.DiagnosticsManager]: Library path:
2014-03-26 18:04:21.049+0000 INFO  [o.n.k.i.DiagnosticsManager]: C:\Windows\System32
2014-03-26 18:04:21.049+0000 INFO  [o.n.k.i.DiagnosticsManager]: C:\Windows
2014-03-26 18:04:21.049+0000 INFO  [o.n.k.i.DiagnosticsManager]: C:\Windows\System32\wbem
2014-03-26 18:04:21.049+0000 INFO  [o.n.k.i.DiagnosticsManager]: C:\Program Files\Microsoft SQL Server\90\Tools\Binn
2014-03-26 18:04:21.049+0000 INFO  [o.n.k.i.DiagnosticsManager]: C:\Acer\Empowering Technology\eDataSecurity
2014-03-26 18:04:21.049+0000 INFO  [o.n.k.i.DiagnosticsManager]: C:\Acer\Empowering Technology\eDataSecurity\x86
2014-03-26 18:04:21.049+0000 INFO  [o.n.k.i.DiagnosticsManager]: C:\Acer\Empowering Technology\eDataSecurity\x64
2014-03-26 18:04:21.049+0000 INFO  [o.n.k.i.DiagnosticsManager]: C:\Windows\System32\WindowsPowerShell\v1.0
2014-03-26 18:04:21.049+0000 INFO  [o.n.k.i.DiagnosticsManager]: C:\Program Files\Intel\WiFi\bin
2014-03-26 18:04:21.049+0000 INFO  [o.n.k.i.DiagnosticsManager]: D:\adt-bundle-windows-x86-20130917\adt-bundle-windows-x86-20130917\sdk\platform-tools
2014-03-26 18:04:21.049+0000 INFO  [o.n.k.i.DiagnosticsManager]: C:\apache-maven-3.2.1\bin
2014-03-26 18:04:21.049+0000 INFO  [o.n.k.i.DiagnosticsManager]: C:\Windows\System32
2014-03-26 18:04:21.049+0000 INFO  [o.n.k.i.DiagnosticsManager]: C:\Windows
2014-03-26 18:04:21.049+0000 INFO  [o.n.k.i.DiagnosticsManager]: C:\Windows\System32\wbem
2014-03-26 18:04:21.049+0000 INFO  [o.n.k.i.DiagnosticsManager]: C:\Program Files\Microsoft SQL Server\90\Tools\Binn
2014-03-26 18:04:21.049+0000 INFO  [o.n.k.i.DiagnosticsManager]: C:\Acer\Empowering Technology\eDataSecurity
2014-03-26 18:04:21.049+0000 INFO  [o.n.k.i.DiagnosticsManager]: C:\Acer\Empowering Technology\eDataSecurity\x86
2014-03-26 18:04:21.049+0000 INFO  [o.n.k.i.DiagnosticsManager]: C:\Acer\Empowering Technology\eDataSecurity\x64
2014-03-26 18:04:21.049+0000 INFO  [o.n.k.i.DiagnosticsManager]: C:\Windows\System32\WindowsPowerShell\v1.0
2014-03-26 18:04:21.049+0000 INFO  [o.n.k.i.DiagnosticsManager]: C:\Program Files\Intel\WiFi\bin
2014-03-26 18:04:21.049+0000 INFO  [o.n.k.i.DiagnosticsManager]: D:\adt-bundle-windows-x86-20130917\adt-bundle-windows-x86-20130917\sdk\platform-tools
2014-03-26 18:04:21.049+0000 INFO  [o.n.k.i.DiagnosticsManager]: C:\Program Files\Java\jre7\bin
2014-03-26 18:04:21.049+0000 INFO  [o.n.k.i.DiagnosticsManager]: System.properties:
2014-03-26 18:04:21.049+0000 INFO  [o.n.k.i.DiagnosticsManager]: exe4j.moduleName = C:\Program Files\Neo4j Community\bin\neo4j-community.exe
2014-03-26 18:04:21.049+0000 INFO  [o.n.k.i.DiagnosticsManager]: exe4j.processCommFile = C:\Users\JOSEEN~1\AppData\Local\Temp\e4j_p3096.tmp
2014-03-26 18:04:21.049+0000 INFO  [o.n.k.i.DiagnosticsManager]: exe4j.semaphoreName = Local\c:_program_files_neo4j_community_bin_neo4j-community.exe
2014-03-26 18:04:21.049+0000 INFO  [o.n.k.i.DiagnosticsManager]: sun.boot.library.path = c:\program files\java\jre7\bin
2014-03-26 18:04:21.049+0000 INFO  [o.n.k.i.DiagnosticsManager]: exe4j.consoleCodepage = cp0
2014-03-26 18:04:21.049+0000 INFO  [o.n.k.i.DiagnosticsManager]: path.separator = ;
2014-03-26 18:04:21.049+0000 INFO  [o.n.k.i.DiagnosticsManager]: file.encoding.pkg = sun.io
2014-03-26 18:04:21.049+0000 INFO  [o.n.k.i.DiagnosticsManager]: user.country = ES
2014-03-26 18:04:21.049+0000 INFO  [o.n.k.i.DiagnosticsManager]: user.script = 
2014-03-26 18:04:21.049+0000 INFO  [o.n.k.i.DiagnosticsManager]: sun.os.patch.level = Service Pack 1
2014-03-26 18:04:21.049+0000 INFO  [o.n.k.i.DiagnosticsManager]: install4j.exeDir = C:\Program Files\Neo4j Community\bin\
2014-03-26 18:04:21.049+0000 INFO  [o.n.k.i.DiagnosticsManager]: user.dir = C:\Program Files\Neo4j Community\bin
2014-03-26 18:04:21.049+0000 INFO  [o.n.k.i.DiagnosticsManager]: user.variant = 
2014-03-26 18:04:21.049+0000 INFO  [o.n.k.i.DiagnosticsManager]: exe4j.tempDir = 
2014-03-26 18:04:21.049+0000 INFO  [o.n.k.i.DiagnosticsManager]: sun.jnu.encoding = Cp1252
2014-03-26 18:04:21.049+0000 INFO  [o.n.k.i.DiagnosticsManager]: sun.awt.enableExtraMouseButtons = true
2014-03-26 18:04:21.049+0000 INFO  [o.n.k.i.DiagnosticsManager]: install4j.launcherId = 24
2014-03-26 18:04:21.049+0000 INFO  [o.n.k.i.DiagnosticsManager]: sun.management.compiler = HotSpot Client Compiler
2014-03-26 18:04:21.049+0000 INFO  [o.n.k.i.DiagnosticsManager]: exe4j.isInstall4j = true
2014-03-26 18:04:21.049+0000 INFO  [o.n.k.i.DiagnosticsManager]: install4j.swt = false
2014-03-26 18:04:21.049+0000 INFO  [o.n.k.i.DiagnosticsManager]: user.home = C:\Users\Jose Enrique
2014-03-26 18:04:21.049+0000 INFO  [o.n.k.i.DiagnosticsManager]: user.timezone = Europe/Paris
2014-03-26 18:04:21.049+0000 INFO  [o.n.k.i.DiagnosticsManager]: file.encoding = Cp1252
2014-03-26 18:04:21.049+0000 INFO  [o.n.k.i.DiagnosticsManager]: neo4j.ext.udc.launcher = desktop
2014-03-26 18:04:21.049+0000 INFO  [o.n.k.i.DiagnosticsManager]: user.name = Jose Enrique
2014-03-26 18:04:21.049+0000 INFO  [o.n.k.i.DiagnosticsManager]: sun.java.command = C:\Program Files\Neo4j Community\bin\neo4j-community.exe
2014-03-26 18:04:21.049+0000 INFO  [o.n.k.i.DiagnosticsManager]: sun.arch.data.model = 32
2014-03-26 18:04:21.049+0000 INFO  [o.n.k.i.DiagnosticsManager]: exe4j.launchName = C:\Program Files\Neo4j Community\bin\neo4j-community.exe
2014-03-26 18:04:21.049+0000 INFO  [o.n.k.i.DiagnosticsManager]: user.language = es
2014-03-26 18:04:21.049+0000 INFO  [o.n.k.i.DiagnosticsManager]: awt.toolkit = sun.awt.windows.WToolkit
2014-03-26 18:04:21.049+0000 INFO  [o.n.k.i.DiagnosticsManager]: exe4j.unextractedPosition = 0
2014-03-26 18:04:21.049+0000 INFO  [o.n.k.i.DiagnosticsManager]: install4j.appDir = C:\Program Files\Neo4j Community\
2014-03-26 18:04:21.049+0000 INFO  [o.n.k.i.DiagnosticsManager]: file.separator = \
2014-03-26 18:04:21.049+0000 INFO  [o.n.k.i.DiagnosticsManager]: sun.io.unicode.encoding = UnicodeLittle
2014-03-26 18:04:21.049+0000 INFO  [o.n.k.i.DiagnosticsManager]: sun.cpu.endian = little
2014-03-26 18:04:21.049+0000 INFO  [o.n.k.i.DiagnosticsManager]: sun.desktop = windows
2014-03-26 18:04:21.049+0000 INFO  [o.n.k.i.DiagnosticsManager]: sun.cpu.isalist = pentium_pro+mmx pentium_pro pentium+mmx pentium i486 i386 i86
2014-03-26 18:04:21.049+0000 INFO  [o.n.k.i.DiagnosticsManager]: Network information:
2014-03-26 18:04:21.298+0000 INFO  [o.n.k.i.DiagnosticsManager]: Interface Software Loopback Interface 1:
2014-03-26 18:04:21.298+0000 INFO  [o.n.k.i.DiagnosticsManager]:     address: 127.0.0.1
2014-03-26 18:04:21.298+0000 INFO  [o.n.k.i.DiagnosticsManager]:     address: 0:0:0:0:0:0:0:1
2014-03-26 18:04:21.298+0000 INFO  [o.n.k.i.DiagnosticsManager]: Interface Minipuerto WAN (L2TP):
2014-03-26 18:04:21.298+0000 INFO  [o.n.k.i.DiagnosticsManager]: Interface Minipuerto WAN (PPTP):
2014-03-26 18:04:21.298+0000 INFO  [o.n.k.i.DiagnosticsManager]: Interface Minipuerto WAN (PPPOE):
2014-03-26 18:04:21.298+0000 INFO  [o.n.k.i.DiagnosticsManager]: Interface Minipuerto WAN (IPv6):
2014-03-26 18:04:21.298+0000 INFO  [o.n.k.i.DiagnosticsManager]: Interface Minipuerto WAN (IP):
2014-03-26 18:04:21.298+0000 INFO  [o.n.k.i.DiagnosticsManager]: Interface Adaptador as›nc. de RAS:
2014-03-26 18:04:21.298+0000 INFO  [o.n.k.i.DiagnosticsManager]: Interface WAN Miniport (SSTP):
2014-03-26 18:04:21.298+0000 INFO  [o.n.k.i.DiagnosticsManager]: Interface Minipuerto WAN (Monitor de red):
2014-03-26 18:04:21.298+0000 INFO  [o.n.k.i.DiagnosticsManager]: Interface Puerto de infrarrojos rﬂpidos IrDA:
2014-03-26 18:04:21.298+0000 INFO  [o.n.k.i.DiagnosticsManager]: Interface Broadcom NetLink (TM) Gigabit Ethernet:
2014-03-26 18:04:21.298+0000 INFO  [o.n.k.i.DiagnosticsManager]:     address: fe80:0:0:0:4180:c2d3:c10d:8c5e%11
2014-03-26 18:04:21.298+0000 INFO  [o.n.k.i.DiagnosticsManager]: Interface Dispositivo Bluetooth (TDI protocolo RFCOMM):
2014-03-26 18:04:21.298+0000 INFO  [o.n.k.i.DiagnosticsManager]: Interface Dispositivo Bluetooth (Red de ﬂrea personal):
2014-03-26 18:04:21.298+0000 INFO  [o.n.k.i.DiagnosticsManager]: Interface Intel(R) Wireless WiFi Link 4965AGN:
2014-03-26 18:04:21.298+0000 INFO  [o.n.k.i.DiagnosticsManager]:     address: 192.168.1.14
2014-03-26 18:04:21.298+0000 INFO  [o.n.k.i.DiagnosticsManager]:     address: fe80:0:0:0:8183:a2fe:9033:8904%14
2014-03-26 18:04:21.298+0000 INFO  [o.n.k.i.DiagnosticsManager]: Interface Adaptador ISATAP de Microsoft #2:
2014-03-26 18:04:21.298+0000 INFO  [o.n.k.i.DiagnosticsManager]: Interface Teredo Tunneling Pseudo-Interface:
2014-03-26 18:04:21.298+0000 INFO  [o.n.k.i.DiagnosticsManager]:     address: fe80:0:0:0:0:100:7f:fffe%16
2014-03-26 18:04:21.298+0000 INFO  [o.n.k.i.DiagnosticsManager]: Interface Teredo Tunneling Pseudo-Interface:
2014-03-26 18:04:21.298+0000 INFO  [o.n.k.i.DiagnosticsManager]: Interface Broadcom NetLink (TM) Gigabit Ethernet - VirtualBox Bridged Networking Driver Miniport:
2014-03-26 18:04:21.298+0000 INFO  [o.n.k.i.DiagnosticsManager]: Interface Intel(R) Wireless WiFi Link 4965AGN - VirtualBox Bridged Networking Driver Miniport:
2014-03-26 18:04:21.298+0000 INFO  [o.n.k.i.DiagnosticsManager]: Interface VirtualBox Host-Only Ethernet Adapter:
2014-03-26 18:04:21.298+0000 INFO  [o.n.k.i.DiagnosticsManager]:     address: 192.168.56.1
2014-03-26 18:04:21.298+0000 INFO  [o.n.k.i.DiagnosticsManager]:     address: fe80:0:0:0:ed37:fbe1:ac3c:a364%20
2014-03-26 18:04:21.298+0000 INFO  [o.n.k.i.DiagnosticsManager]: Interface isatap.{49356A7F-362E-490B-A7C4-54B4D1597B15}:
2014-03-26 18:04:21.298+0000 INFO  [o.n.k.i.DiagnosticsManager]:     address: fe80:0:0:0:0:5efe:c0a8:3801%21
2014-03-26 18:04:21.298+0000 INFO  [o.n.k.i.DiagnosticsManager]: Interface VMware Virtual Ethernet Adapter for VMnet1:
2014-03-26 18:04:21.298+0000 INFO  [o.n.k.i.DiagnosticsManager]:     address: 192.168.157.1
2014-03-26 18:04:21.298+0000 INFO  [o.n.k.i.DiagnosticsManager]:     address: fe80:0:0:0:892f:6c21:569:ef15%22
2014-03-26 18:04:21.298+0000 INFO  [o.n.k.i.DiagnosticsManager]: Interface isatap.{F3D65A57-3589-4395-968A-7E2EBB827A6B}:
2014-03-26 18:04:21.298+0000 INFO  [o.n.k.i.DiagnosticsManager]:     address: fe80:0:0:0:0:5efe:c0a8:9d01%23
2014-03-26 18:04:21.298+0000 INFO  [o.n.k.i.DiagnosticsManager]: Interface VMware Virtual Ethernet Adapter for VMnet8:
2014-03-26 18:04:21.298+0000 INFO  [o.n.k.i.DiagnosticsManager]:     address: 192.168.93.1
2014-03-26 18:04:21.298+0000 INFO  [o.n.k.i.DiagnosticsManager]:     address: fe80:0:0:0:7c42:21f5:49ba:8ab1%24
2014-03-26 18:04:21.298+0000 INFO  [o.n.k.i.DiagnosticsManager]: Interface isatap.{EFEDF90B-B5E3-4F97-94BE-34A5CCEFA27B}:
2014-03-26 18:04:21.298+0000 INFO  [o.n.k.i.DiagnosticsManager]:     address: fe80:0:0:0:0:5efe:c0a8:5d01%25
2014-03-26 18:04:21.298+0000 INFO  [o.n.k.i.DiagnosticsManager]: Interface isatap.aulas.uniovi.es:
2014-03-26 18:04:21.298+0000 INFO  [o.n.k.i.DiagnosticsManager]: Interface Broadcom NetLink (TM) Gigabit Ethernet - VirtualBox Bridged Networking Driver Miniport-QoS Packet Scheduler-0000:
2014-03-26 18:04:21.298+0000 INFO  [o.n.k.i.DiagnosticsManager]: Interface VirtualBox Host-Only Ethernet Adapter-QoS Packet Scheduler-0000:
2014-03-26 18:04:21.298+0000 INFO  [o.n.k.i.DiagnosticsManager]: Interface Minipuerto WAN (IPv6)-QoS Packet Scheduler-0000:
2014-03-26 18:04:21.298+0000 INFO  [o.n.k.i.DiagnosticsManager]: Interface Minipuerto WAN (IP)-QoS Packet Scheduler-0000:
2014-03-26 18:04:21.298+0000 INFO  [o.n.k.i.DiagnosticsManager]: Interface Minipuerto WAN (Monitor de red)-QoS Packet Scheduler-0000:
2014-03-26 18:04:21.298+0000 INFO  [o.n.k.i.DiagnosticsManager]: Interface Intel(R) Wireless WiFi Link 4965AGN-Native WiFi Filter Driver-0000:
2014-03-26 18:04:21.298+0000 INFO  [o.n.k.i.DiagnosticsManager]: Interface Intel(R) Wireless WiFi Link 4965AGN - VirtualBox Bridged Networking Driver Miniport-QoS Packet Scheduler-0000:
2014-03-26 18:04:21.298+0000 INFO  [o.n.k.i.DiagnosticsManager]: Interface Adaptador ISATAP de Microsoft #7:
2014-03-26 18:04:21.298+0000 INFO  [o.n.k.i.DiagnosticsManager]:     address: fe80:0:0:0:0:5efe:c0a8:10e%35
2014-03-26 18:04:21.298+0000 INFO  [o.n.k.i.DiagnosticsManager]: --- INITIALIZED diagnostics END ---
2014-03-26 18:04:21.314+0000 INFO  [o.n.k.i.n.s.StoreFactory]: Creating new db @ C:\Users\Jose Enrique\Documents\Neo4j\BDObservaciones\neostore
2014-03-26 18:04:22.188+0000 INFO  [o.n.k.i.n.s.StoreFactory]: [C:\Users\Jose Enrique\Documents\Neo4j\BDObservaciones\neostore.relationshiptypestore.db.names] brickCount=0 brickSize=0b mappedMem=0b (storeSize=38b)
2014-03-26 18:04:22.188+0000 INFO  [o.n.k.i.n.s.StoreFactory]: [C:\Users\Jose Enrique\Documents\Neo4j\BDObservaciones\neostore.relationshiptypestore.db] brickCount=0 brickSize=0b mappedMem=0b (storeSize=0b)
2014-03-26 18:04:22.203+0000 INFO  [o.n.k.i.n.s.StoreFactory]: C:\Users\Jose Enrique\Documents\Neo4j\BDObservaciones\neostore.relationshiptypestore.db.names hit=0 miss=0 switches=0 ooe=0
2014-03-26 18:04:22.266+0000 INFO  [o.n.k.i.n.s.StoreFactory]: C:\Users\Jose Enrique\Documents\Neo4j\BDObservaciones\neostore.relationshiptypestore.db hit=0 miss=0 switches=0 ooe=0
2014-03-26 18:04:22.468+0000 INFO  [o.n.k.i.n.s.StoreFactory]: [C:\Users\Jose Enrique\Documents\Neo4j\BDObservaciones\neostore.labeltokenstore.db.names] brickCount=0 brickSize=0b mappedMem=0b (storeSize=38b)
2014-03-26 18:04:22.468+0000 INFO  [o.n.k.i.n.s.StoreFactory]: [C:\Users\Jose Enrique\Documents\Neo4j\BDObservaciones\neostore.labeltokenstore.db] brickCount=0 brickSize=0b mappedMem=0b (storeSize=0b)
2014-03-26 18:04:22.531+0000 INFO  [o.n.k.i.n.s.StoreFactory]: C:\Users\Jose Enrique\Documents\Neo4j\BDObservaciones\neostore.labeltokenstore.db.names hit=0 miss=0 switches=0 ooe=0
2014-03-26 18:04:22.609+0000 INFO  [o.n.k.i.n.s.StoreFactory]: C:\Users\Jose Enrique\Documents\Neo4j\BDObservaciones\neostore.labeltokenstore.db hit=0 miss=0 switches=0 ooe=0
2014-03-26 18:04:22.796+0000 INFO  [o.n.k.i.n.s.StoreFactory]: [C:\Users\Jose Enrique\Documents\Neo4j\BDObservaciones\neostore.relationshiptypestore.db.names] brickCount=0 brickSize=0b mappedMem=0b (storeSize=38b)
2014-03-26 18:04:22.796+0000 INFO  [o.n.k.i.n.s.StoreFactory]: [C:\Users\Jose Enrique\Documents\Neo4j\BDObservaciones\neostore.relationshiptypestore.db] brickCount=0 brickSize=0b mappedMem=0b (storeSize=0b)
2014-03-26 18:04:22.796+0000 INFO  [o.n.k.i.n.s.StoreFactory]: [C:\Users\Jose Enrique\Documents\Neo4j\BDObservaciones\neostore.labeltokenstore.db.names] brickCount=0 brickSize=0b mappedMem=0b (storeSize=38b)
2014-03-26 18:04:22.796+0000 INFO  [o.n.k.i.n.s.StoreFactory]: [C:\Users\Jose Enrique\Documents\Neo4j\BDObservaciones\neostore.labeltokenstore.db] brickCount=0 brickSize=0b mappedMem=0b (storeSize=0b)
2014-03-26 18:04:22.796+0000 INFO  [o.n.k.i.n.s.StoreFactory]: [C:\Users\Jose Enrique\Documents\Neo4j\BDObservaciones\neostore.propertystore.db.strings] brickCount=0 brickSize=12544b mappedMem=12582912b (storeSize=128b)
2014-03-26 18:04:22.796+0000 INFO  [o.n.k.i.n.s.StoreFactory]: [C:\Users\Jose Enrique\Documents\Neo4j\BDObservaciones\neostore.propertystore.db.index.keys] brickCount=0 brickSize=0b mappedMem=0b (storeSize=38b)
2014-03-26 18:04:22.796+0000 INFO  [o.n.k.i.n.s.StoreFactory]: [C:\Users\Jose Enrique\Documents\Neo4j\BDObservaciones\neostore.propertystore.db.index] brickCount=0 brickSize=0b mappedMem=0b (storeSize=0b)
2014-03-26 18:04:22.796+0000 INFO  [o.n.k.i.n.s.StoreFactory]: [C:\Users\Jose Enrique\Documents\Neo4j\BDObservaciones\neostore.propertystore.db.arrays] brickCount=0 brickSize=14592b mappedMem=14680064b (storeSize=128b)
2014-03-26 18:04:22.796+0000 INFO  [o.n.k.i.n.s.StoreFactory]: [C:\Users\Jose Enrique\Documents\Neo4j\BDObservaciones\neostore.propertystore.db] brickCount=0 brickSize=157276b mappedMem=15728640b (storeSize=0b)
2014-03-26 18:04:22.796+0000 INFO  [o.n.k.i.n.s.StoreFactory]: [C:\Users\Jose Enrique\Documents\Neo4j\BDObservaciones\neostore.relationshipstore.db] brickCount=0 brickSize=188727b mappedMem=18874368b (storeSize=0b)
2014-03-26 18:04:22.796+0000 INFO  [o.n.k.i.n.s.StoreFactory]: [C:\Users\Jose Enrique\Documents\Neo4j\BDObservaciones\neostore.nodestore.db.labels] brickCount=0 brickSize=0b mappedMem=0b (storeSize=68b)
2014-03-26 18:04:22.796+0000 INFO  [o.n.k.i.n.s.StoreFactory]: [C:\Users\Jose Enrique\Documents\Neo4j\BDObservaciones\neostore.nodestore.db] brickCount=0 brickSize=41930b mappedMem=4194304b (storeSize=0b)
2014-03-26 18:04:22.812+0000 INFO  [o.n.k.i.n.s.StoreFactory]: [C:\Users\Jose Enrique\Documents\Neo4j\BDObservaciones\neostore.schemastore.db] brickCount=0 brickSize=0b mappedMem=0b (storeSize=64b)
2014-03-26 18:04:22.812+0000 INFO  [o.n.k.i.n.s.StoreFactory]: [C:\Users\Jose Enrique\Documents\Neo4j\BDObservaciones\neostore] brickCount=0 brickSize=0b mappedMem=0b (storeSize=0b)
2014-03-26 18:04:22.858+0000 INFO  [o.n.k.i.n.s.StoreFactory]: C:\Users\Jose Enrique\Documents\Neo4j\BDObservaciones\neostore.relationshiptypestore.db.names hit=0 miss=0 switches=0 ooe=0
2014-03-26 18:04:22.983+0000 INFO  [o.n.k.i.n.s.StoreFactory]: C:\Users\Jose Enrique\Documents\Neo4j\BDObservaciones\neostore.relationshiptypestore.db hit=0 miss=0 switches=0 ooe=0
2014-03-26 18:04:23.139+0000 INFO  [o.n.k.i.n.s.StoreFactory]: C:\Users\Jose Enrique\Documents\Neo4j\BDObservaciones\neostore.labeltokenstore.db.names hit=0 miss=0 switches=0 ooe=0
2014-03-26 18:04:23.186+0000 INFO  [o.n.k.i.n.s.StoreFactory]: C:\Users\Jose Enrique\Documents\Neo4j\BDObservaciones\neostore.labeltokenstore.db hit=0 miss=0 switches=0 ooe=0
2014-03-26 18:04:23.264+0000 INFO  [o.n.k.i.n.s.StoreFactory]: C:\Users\Jose Enrique\Documents\Neo4j\BDObservaciones\neostore.propertystore.db.strings hit=0 miss=0 switches=0 ooe=0
2014-03-26 18:04:23.342+0000 INFO  [o.n.k.i.n.s.StoreFactory]: C:\Users\Jose Enrique\Documents\Neo4j\BDObservaciones\neostore.propertystore.db.index.keys hit=0 miss=0 switches=0 ooe=0
2014-03-26 18:04:23.420+0000 INFO  [o.n.k.i.n.s.StoreFactory]: C:\Users\Jose Enrique\Documents\Neo4j\BDObservaciones\neostore.propertystore.db.index hit=0 miss=0 switches=0 ooe=0
2014-03-26 18:04:23.498+0000 INFO  [o.n.k.i.n.s.StoreFactory]: C:\Users\Jose Enrique\Documents\Neo4j\BDObservaciones\neostore.propertystore.db.arrays hit=0 miss=0 switches=0 ooe=0
2014-03-26 18:04:23.623+0000 INFO  [o.n.k.i.n.s.StoreFactory]: C:\Users\Jose Enrique\Documents\Neo4j\BDObservaciones\neostore.propertystore.db hit=0 miss=0 switches=0 ooe=0
2014-03-26 18:04:23.685+0000 INFO  [o.n.k.i.n.s.StoreFactory]: C:\Users\Jose Enrique\Documents\Neo4j\BDObservaciones\neostore.relationshipstore.db hit=0 miss=0 switches=0 ooe=0
2014-03-26 18:04:23.763+0000 INFO  [o.n.k.i.n.s.StoreFactory]: C:\Users\Jose Enrique\Documents\Neo4j\BDObservaciones\neostore.nodestore.db.labels hit=0 miss=0 switches=0 ooe=0
2014-03-26 18:04:23.841+0000 INFO  [o.n.k.i.n.s.StoreFactory]: C:\Users\Jose Enrique\Documents\Neo4j\BDObservaciones\neostore.nodestore.db hit=0 miss=0 switches=0 ooe=0
2014-03-26 18:04:23.982+0000 INFO  [o.n.k.i.n.s.StoreFactory]: C:\Users\Jose Enrique\Documents\Neo4j\BDObservaciones\neostore.schemastore.db hit=0 miss=0 switches=0 ooe=0
2014-03-26 18:04:24.122+0000 INFO  [o.n.k.i.n.s.StoreFactory]: C:\Users\Jose Enrique\Documents\Neo4j\BDObservaciones\neostore hit=0 miss=8 switches=0 ooe=0
2014-03-26 18:04:24.278+0000 INFO  [o.n.k.i.n.s.StoreFactory]: [C:\Users\Jose Enrique\Documents\Neo4j\BDObservaciones\neostore.relationshiptypestore.db.names] brickCount=0 brickSize=0b mappedMem=0b (storeSize=38b)
2014-03-26 18:04:24.278+0000 INFO  [o.n.k.i.n.s.StoreFactory]: [C:\Users\Jose Enrique\Documents\Neo4j\BDObservaciones\neostore.relationshiptypestore.db] brickCount=0 brickSize=0b mappedMem=0b (storeSize=0b)
2014-03-26 18:04:24.294+0000 INFO  [o.n.k.i.n.s.StoreFactory]: [C:\Users\Jose Enrique\Documents\Neo4j\BDObservaciones\neostore.labeltokenstore.db.names] brickCount=0 brickSize=0b mappedMem=0b (storeSize=38b)
2014-03-26 18:04:24.294+0000 INFO  [o.n.k.i.n.s.StoreFactory]: [C:\Users\Jose Enrique\Documents\Neo4j\BDObservaciones\neostore.labeltokenstore.db] brickCount=0 brickSize=0b mappedMem=0b (storeSize=0b)
2014-03-26 18:04:24.294+0000 INFO  [o.n.k.i.n.s.StoreFactory]: [C:\Users\Jose Enrique\Documents\Neo4j\BDObservaciones\neostore.propertystore.db.strings] brickCount=0 brickSize=12544b mappedMem=12582912b (storeSize=128b)
2014-03-26 18:04:24.294+0000 INFO  [o.n.k.i.n.s.StoreFactory]: [C:\Users\Jose Enrique\Documents\Neo4j\BDObservaciones\neostore.propertystore.db.index.keys] brickCount=0 brickSize=0b mappedMem=0b (storeSize=38b)
2014-03-26 18:04:24.294+0000 INFO  [o.n.k.i.n.s.StoreFactory]: [C:\Users\Jose Enrique\Documents\Neo4j\BDObservaciones\neostore.propertystore.db.index] brickCount=0 brickSize=0b mappedMem=0b (storeSize=0b)
2014-03-26 18:04:24.294+0000 INFO  [o.n.k.i.n.s.StoreFactory]: [C:\Users\Jose Enrique\Documents\Neo4j\BDObservaciones\neostore.propertystore.db.arrays] brickCount=0 brickSize=14592b mappedMem=14680064b (storeSize=128b)
2014-03-26 18:04:24.294+0000 INFO  [o.n.k.i.n.s.StoreFactory]: [C:\Users\Jose Enrique\Documents\Neo4j\BDObservaciones\neostore.propertystore.db] brickCount=0 brickSize=157276b mappedMem=15728640b (storeSize=0b)
2014-03-26 18:04:24.294+0000 INFO  [o.n.k.i.n.s.StoreFactory]: [C:\Users\Jose Enrique\Documents\Neo4j\BDObservaciones\neostore.relationshipstore.db] brickCount=0 brickSize=188727b mappedMem=18874368b (storeSize=0b)
2014-03-26 18:04:24.294+0000 INFO  [o.n.k.i.n.s.StoreFactory]: [C:\Users\Jose Enrique\Documents\Neo4j\BDObservaciones\neostore.nodestore.db.labels] brickCount=0 brickSize=0b mappedMem=0b (storeSize=68b)
2014-03-26 18:04:24.294+0000 INFO  [o.n.k.i.n.s.StoreFactory]: [C:\Users\Jose Enrique\Documents\Neo4j\BDObservaciones\neostore.nodestore.db] brickCount=0 brickSize=41930b mappedMem=4194304b (storeSize=0b)
2014-03-26 18:04:24.294+0000 INFO  [o.n.k.i.n.s.StoreFactory]: [C:\Users\Jose Enrique\Documents\Neo4j\BDObservaciones\neostore.schemastore.db] brickCount=0 brickSize=0b mappedMem=0b (storeSize=64b)
2014-03-26 18:04:24.294+0000 INFO  [o.n.k.i.n.s.StoreFactory]: [C:\Users\Jose Enrique\Documents\Neo4j\BDObservaciones\neostore] brickCount=0 brickSize=0b mappedMem=0b (storeSize=63b)
2014-03-26 18:04:24.309+0000 INFO  [o.n.k.a.i.i.LuceneLabelScanStore]: No lucene scan store index found, this might just be first use. Preparing to rebuild.
2014-03-26 18:04:24.309+0000 INFO  [o.n.k.a.i.i.LuceneLabelScanStore]: No lucene scan store index found, this might just be first use. Preparing to rebuild.
2014-03-26 18:04:24.309+0000 INFO  [o.n.k.i.t.x.XaLogicalLog]: Opened logical log [C:\Users\Jose Enrique\Documents\Neo4j\BDObservaciones\nioneo_logical.log.1] version=0, lastTxId=1 (clean)
2014-03-26 18:04:24.403+0000 INFO  [o.n.k.a.i.i.LuceneLabelScanStore]: Rebuilding lucene scan store, this may take a while
2014-03-26 18:04:24.403+0000 INFO  [o.n.k.a.i.i.LuceneLabelScanStore]: Lucene scan store rebuilt (roughly -1 nodes)
2014-03-26 18:04:24.403+0000 INFO  [o.n.k.i.t.TxManager]: TM new log: tm_tx_log.1
2014-03-26 18:04:24.465+0000 INFO  [o.n.k.i.t.x.XaLogicalLog]: Opened logical log [C:\Users\Jose Enrique\Documents\Neo4j\BDObservaciones\index\lucene.log.1] version=0, lastTxId=1 (clean)
2014-03-26 18:04:24.496+0000 INFO  [o.n.k.i.DiagnosticsManager]: --- STARTED diagnostics for KernelDiagnostics:Versions START ---
2014-03-26 18:04:24.496+0000 INFO  [o.n.k.i.DiagnosticsManager]: Graph Database: org.neo4j.kernel.EmbeddedGraphDatabase StoreId[time:1395857061314, id:-2719122372670979764, store version: 13843131341501958]
2014-03-26 18:04:24.496+0000 INFO  [o.n.k.i.DiagnosticsManager]: Kernel version: Neo4j Desktop (neo4j-desktop), version: 2.0.0
2014-03-26 18:04:24.496+0000 INFO  [o.n.k.i.DiagnosticsManager]: Neo4j component versions:
2014-03-26 18:04:24.512+0000 INFO  [o.n.k.i.DiagnosticsManager]:   Neo4j Desktop (neo4j-jmx), version: 2.0.0; revision: 2.0.0:master:601/5cfc38672446b92062b3bc209d584591968f1a0f
2014-03-26 18:04:24.512+0000 INFO  [o.n.k.i.DiagnosticsManager]:   Neo4j Desktop (neo4j-lucene-index), version: 2.0.0; revision: 2.0.0:master:601/5cfc38672446b92062b3bc209d584591968f1a0f
2014-03-26 18:04:24.512+0000 INFO  [o.n.k.i.DiagnosticsManager]:   Neo4j Desktop (neo4j-graph-matching), version: 2.0.0; revision: 2.0.0:master:601/5cfc38672446b92062b3bc209d584591968f1a0f
2014-03-26 18:04:24.512+0000 INFO  [o.n.k.i.DiagnosticsManager]:   Neo4j Desktop (server-api), version: 2.0.0; revision: 2.0.0:master:601/5cfc38672446b92062b3bc209d584591968f1a0f
2014-03-26 18:04:24.512+0000 INFO  [o.n.k.i.DiagnosticsManager]:   Neo4j Desktop (neo4j-cypher), version: 2.0.0; revision: 2.0.0:master:601/5cfc38672446b92062b3bc209d584591968f1a0f
2014-03-26 18:04:24.512+0000 INFO  [o.n.k.i.DiagnosticsManager]:   Neo4j Desktop (neo4j-desktop), version: 2.0.0; revision: 2.0.0:master:601/5cfc38672446b92062b3bc209d584591968f1a0f
2014-03-26 18:04:24.512+0000 INFO  [o.n.k.i.DiagnosticsManager]:   Neo4j Desktop (neo4j-server), version: 2.0.0; revision: 2.0.0:master:601/5cfc38672446b92062b3bc209d584591968f1a0f
2014-03-26 18:04:24.512+0000 INFO  [o.n.k.i.DiagnosticsManager]:   Neo4j Desktop (neo4j-cypher-compiler-2.0), version: 2.0.0; revision: 2.0.0:master:601/5cfc38672446b92062b3bc209d584591968f1a0f
2014-03-26 18:04:24.512+0000 INFO  [o.n.k.i.DiagnosticsManager]:   Neo4j Desktop (neo4j-graph-algo), version: 2.0.0; revision: 2.0.0:master:601/5cfc38672446b92062b3bc209d584591968f1a0f
2014-03-26 18:04:24.512+0000 INFO  [o.n.k.i.DiagnosticsManager]:   Neo4j Desktop (neo4j-shell), version: 2.0.0; revision: 2.0.0:master:601/5cfc38672446b92062b3bc209d584591968f1a0f
2014-03-26 18:04:24.512+0000 INFO  [o.n.k.i.DiagnosticsManager]:   Neo4j Desktop (neo4j-cypher-compiler-1.9), version: 2.0.0; revision: 2.0.0:master:601/5cfc38672446b92062b3bc209d584591968f1a0f
2014-03-26 18:04:24.512+0000 INFO  [o.n.k.i.DiagnosticsManager]:   Neo4j Desktop (neo4j-udc), version: 2.0.0; revision: 2.0.0:master:601/5cfc38672446b92062b3bc209d584591968f1a0f
2014-03-26 18:04:24.512+0000 INFO  [o.n.k.i.DiagnosticsManager]:   Neo4j Desktop (neo4j-cypher-commons), version: 2.0.0; revision: 2.0.0:master:601/5cfc38672446b92062b3bc209d584591968f1a0f
2014-03-26 18:04:24.512+0000 INFO  [o.n.k.i.DiagnosticsManager]: --- STARTED diagnostics for KernelDiagnostics:Versions END ---
2014-03-26 18:04:24.512+0000 INFO  [o.n.k.i.DiagnosticsManager]: --- STARTED diagnostics for NEO_STORE_VERSIONS START ---
2014-03-26 18:04:24.512+0000 INFO  [o.n.k.i.DiagnosticsManager]: Store versions:
2014-03-26 18:04:24.512+0000 INFO  [o.n.k.i.DiagnosticsManager]: Store versions:
2014-03-26 18:04:24.512+0000 INFO  [o.n.k.i.DiagnosticsManager]:   NeoStore v0.A.1
2014-03-26 18:04:24.512+0000 INFO  [o.n.k.i.DiagnosticsManager]:   SchemaStore v0.A.1
2014-03-26 18:04:24.512+0000 INFO  [o.n.k.i.DiagnosticsManager]:   NodeStore v0.A.1
2014-03-26 18:04:24.512+0000 INFO  [o.n.k.i.DiagnosticsManager]:   RelationshipStore v0.A.1
2014-03-26 18:04:24.512+0000 INFO  [o.n.k.i.DiagnosticsManager]:   RelationshipTypeStore v0.A.1
2014-03-26 18:04:24.512+0000 INFO  [o.n.k.i.DiagnosticsManager]:   LabelTokenStore v0.A.1
2014-03-26 18:04:24.512+0000 INFO  [o.n.k.i.DiagnosticsManager]:   PropertyStore v0.A.1
2014-03-26 18:04:24.512+0000 INFO  [o.n.k.i.DiagnosticsManager]:   PropertyIndexStore v0.A.1
2014-03-26 18:04:24.512+0000 INFO  [o.n.k.i.DiagnosticsManager]:   StringPropertyStore v0.A.1
2014-03-26 18:04:24.512+0000 INFO  [o.n.k.i.DiagnosticsManager]:   ArrayPropertyStore v0.A.1
2014-03-26 18:04:24.512+0000 INFO  [o.n.k.i.DiagnosticsManager]: --- STARTED diagnostics for NEO_STORE_VERSIONS END ---
2014-03-26 18:04:24.512+0000 INFO  [o.n.k.i.DiagnosticsManager]: --- STARTED diagnostics for NEO_STORE_ID_USAGE START ---
2014-03-26 18:04:24.512+0000 INFO  [o.n.k.i.DiagnosticsManager]: Id usage:
2014-03-26 18:04:24.512+0000 INFO  [o.n.k.i.DiagnosticsManager]: Id usage:
2014-03-26 18:04:24.512+0000 INFO  [o.n.k.i.DiagnosticsManager]:   SchemaStore: used=1 high=0
2014-03-26 18:04:24.512+0000 INFO  [o.n.k.i.DiagnosticsManager]:   NodeStore: used=0 high=-1
2014-03-26 18:04:24.512+0000 INFO  [o.n.k.i.DiagnosticsManager]:   RelationshipStore: used=0 high=-1
2014-03-26 18:04:24.512+0000 INFO  [o.n.k.i.DiagnosticsManager]:   RelationshipTypeStore: used=0 high=-1
2014-03-26 18:04:24.512+0000 INFO  [o.n.k.i.DiagnosticsManager]:   LabelTokenStore: used=0 high=-1
2014-03-26 18:04:24.512+0000 INFO  [o.n.k.i.DiagnosticsManager]:   PropertyStore: used=0 high=-1
2014-03-26 18:04:24.512+0000 INFO  [o.n.k.i.DiagnosticsManager]:   PropertyIndexStore: used=0 high=-1
2014-03-26 18:04:24.512+0000 INFO  [o.n.k.i.DiagnosticsManager]:   StringPropertyStore: used=1 high=0
2014-03-26 18:04:24.512+0000 INFO  [o.n.k.i.DiagnosticsManager]:   ArrayPropertyStore: used=1 high=0
2014-03-26 18:04:24.512+0000 INFO  [o.n.k.i.DiagnosticsManager]: --- STARTED diagnostics for NEO_STORE_ID_USAGE END ---
2014-03-26 18:04:24.512+0000 INFO  [o.n.k.i.DiagnosticsManager]: --- STARTED diagnostics for PERSISTENCE_WINDOW_POOL_STATS START ---
2014-03-26 18:04:24.512+0000 INFO  [o.n.k.i.DiagnosticsManager]: --- STARTED diagnostics for PERSISTENCE_WINDOW_POOL_STATS END ---
2014-03-26 18:04:24.512+0000 INFO  [o.n.k.i.DiagnosticsManager]: --- STARTED diagnostics for KernelDiagnostics:StoreFiles START ---
2014-03-26 18:04:24.512+0000 INFO  [o.n.k.i.DiagnosticsManager]: Disk space on partition (Total / Free / Free %): 99600818176 / 40433065984 / 40
Storage files: (filename : modification date - size)
2014-03-26 18:04:24.512+0000 INFO  [o.n.k.i.DiagnosticsManager]:   active_tx_log: 2014-03-26T19:04:24+0100 - 11,00 B
2014-03-26 18:04:24.512+0000 INFO  [o.n.k.i.DiagnosticsManager]:   index:
2014-03-26 18:04:24.512+0000 INFO  [o.n.k.i.DiagnosticsManager]:     lucene-store.db: 2014-03-26T19:04:24+0100 - 40,00 B
2014-03-26 18:04:24.512+0000 INFO  [o.n.k.i.DiagnosticsManager]:     lucene.log.1: 2014-03-26T19:04:24+0100 - 16,00 B
2014-03-26 18:04:24.512+0000 INFO  [o.n.k.i.DiagnosticsManager]:     lucene.log.active: 2014-03-26T19:04:24+0100 - 4,00 B
2014-03-26 18:04:24.512+0000 INFO  [o.n.k.i.DiagnosticsManager]:   - Total: 2014-03-26T19:04:24+0100 - 60,00 B
2014-03-26 18:04:24.512+0000 INFO  [o.n.k.i.DiagnosticsManager]:   lock: 2014-03-26T19:04:21+0100 - 0,00 B
2014-03-26 18:04:24.512+0000 INFO  [o.n.k.i.DiagnosticsManager]:   messages.log: 2014-03-26T19:04:23+0100 - 39,29 kB
2014-03-26 18:04:24.512+0000 INFO  [o.n.k.i.DiagnosticsManager]:   neo4j.properties: 2014-03-26T19:04:20+0100 - 1,08 kB
2014-03-26 18:04:24.512+0000 INFO  [o.n.k.i.DiagnosticsManager]:   neostore: 2014-03-26T19:04:24+0100 - 63,00 B
2014-03-26 18:04:24.512+0000 INFO  [o.n.k.i.DiagnosticsManager]:   neostore.id: 2014-03-26T19:04:24+0100 - 9,00 B
2014-03-26 18:04:24.512+0000 INFO  [o.n.k.i.DiagnosticsManager]:   neostore.labeltokenstore.db: 2014-03-26T19:04:24+0100 - 0,00 B
2014-03-26 18:04:24.512+0000 INFO  [o.n.k.i.DiagnosticsManager]:   neostore.labeltokenstore.db.id: 2014-03-26T19:04:23+0100 - 9,00 B
2014-03-26 18:04:24.512+0000 INFO  [o.n.k.i.DiagnosticsManager]:   neostore.labeltokenstore.db.names: 2014-03-26T19:04:24+0100 - 38,00 B
2014-03-26 18:04:24.512+0000 INFO  [o.n.k.i.DiagnosticsManager]:   neostore.labeltokenstore.db.names.id: 2014-03-26T19:04:23+0100 - 9,00 B
2014-03-26 18:04:24.512+0000 INFO  [o.n.k.i.DiagnosticsManager]:   neostore.nodestore.db: 2014-03-26T19:04:24+0100 - 0,00 B
2014-03-26 18:04:24.512+0000 INFO  [o.n.k.i.DiagnosticsManager]:   neostore.nodestore.db.id: 2014-03-26T19:04:23+0100 - 9,00 B
2014-03-26 18:04:24.512+0000 INFO  [o.n.k.i.DiagnosticsManager]:   neostore.nodestore.db.labels: 2014-03-26T19:04:24+0100 - 68,00 B
2014-03-26 18:04:24.528+0000 INFO  [o.n.k.i.DiagnosticsManager]:   neostore.nodestore.db.labels.id: 2014-03-26T19:04:23+0100 - 9,00 B
2014-03-26 18:04:24.528+0000 INFO  [o.n.k.i.DiagnosticsManager]:   neostore.propertystore.db: 2014-03-26T19:04:24+0100 - 0,00 B
2014-03-26 18:04:24.528+0000 INFO  [o.n.k.i.DiagnosticsManager]:   neostore.propertystore.db.arrays: 2014-03-26T19:04:24+0100 - 128,00 B
2014-03-26 18:04:24.528+0000 INFO  [o.n.k.i.DiagnosticsManager]:   neostore.propertystore.db.arrays.id: 2014-03-26T19:04:23+0100 - 9,00 B
2014-03-26 18:04:24.528+0000 INFO  [o.n.k.i.DiagnosticsManager]:   neostore.propertystore.db.id: 2014-03-26T19:04:23+0100 - 9,00 B
2014-03-26 18:04:24.528+0000 INFO  [o.n.k.i.DiagnosticsManager]:   neostore.propertystore.db.index: 2014-03-26T19:04:24+0100 - 0,00 B
2014-03-26 18:04:24.528+0000 INFO  [o.n.k.i.DiagnosticsManager]:   neostore.propertystore.db.index.id: 2014-03-26T19:04:23+0100 - 9,00 B
2014-03-26 18:04:24.528+0000 INFO  [o.n.k.i.DiagnosticsManager]:   neostore.propertystore.db.index.keys: 2014-03-26T19:04:24+0100 - 38,00 B
2014-03-26 18:04:24.528+0000 INFO  [o.n.k.i.DiagnosticsManager]:   neostore.propertystore.db.index.keys.id: 2014-03-26T19:04:23+0100 - 9,00 B
2014-03-26 18:04:24.528+0000 INFO  [o.n.k.i.DiagnosticsManager]:   neostore.propertystore.db.strings: 2014-03-26T19:04:24+0100 - 128,00 B
2014-03-26 18:04:24.528+0000 INFO  [o.n.k.i.DiagnosticsManager]:   neostore.propertystore.db.strings.id: 2014-03-26T19:04:23+0100 - 9,00 B
2014-03-26 18:04:24.528+0000 INFO  [o.n.k.i.DiagnosticsManager]:   neostore.relationshipstore.db: 2014-03-26T19:04:24+0100 - 0,00 B
2014-03-26 18:04:24.528+0000 INFO  [o.n.k.i.DiagnosticsManager]:   neostore.relationshipstore.db.id: 2014-03-26T19:04:23+0100 - 9,00 B
2014-03-26 18:04:24.528+0000 INFO  [o.n.k.i.DiagnosticsManager]:   neostore.relationshiptypestore.db: 2014-03-26T19:04:24+0100 - 0,00 B
2014-03-26 18:04:24.528+0000 INFO  [o.n.k.i.DiagnosticsManager]:   neostore.relationshiptypestore.db.id: 2014-03-26T19:04:23+0100 - 9,00 B
2014-03-26 18:04:24.528+0000 INFO  [o.n.k.i.DiagnosticsManager]:   neostore.relationshiptypestore.db.names: 2014-03-26T19:04:24+0100 - 38,00 B
2014-03-26 18:04:24.528+0000 INFO  [o.n.k.i.DiagnosticsManager]:   neostore.relationshiptypestore.db.names.id: 2014-03-26T19:04:22+0100 - 9,00 B
2014-03-26 18:04:24.528+0000 INFO  [o.n.k.i.DiagnosticsManager]:   neostore.schemastore.db: 2014-03-26T19:04:24+0100 - 64,00 B
2014-03-26 18:04:24.528+0000 INFO  [o.n.k.i.DiagnosticsManager]:   neostore.schemastore.db.id: 2014-03-26T19:04:24+0100 - 9,00 B
2014-03-26 18:04:24.528+0000 INFO  [o.n.k.i.DiagnosticsManager]:   nioneo_logical.log.1: 2014-03-26T19:04:24+0100 - 16,00 B
2014-03-26 18:04:24.528+0000 INFO  [o.n.k.i.DiagnosticsManager]:   nioneo_logical.log.active: 2014-03-26T19:04:24+0100 - 4,00 B
2014-03-26 18:04:24.528+0000 INFO  [o.n.k.i.DiagnosticsManager]:   schema:
2014-03-26 18:04:24.528+0000 INFO  [o.n.k.i.DiagnosticsManager]:     label:
2014-03-26 18:04:24.528+0000 INFO  [o.n.k.i.DiagnosticsManager]:       lucene:
2014-03-26 18:04:24.528+0000 INFO  [o.n.k.i.DiagnosticsManager]:         write.lock: 2014-03-26T19:04:24+0100 - 0,00 B
2014-03-26 18:04:24.528+0000 INFO  [o.n.k.i.DiagnosticsManager]:       - Total: 2014-03-26T19:04:24+0100 - 0,00 B
2014-03-26 18:04:24.528+0000 INFO  [o.n.k.i.DiagnosticsManager]:     - Total: 2014-03-26T19:04:24+0100 - 0,00 B
2014-03-26 18:04:24.528+0000 INFO  [o.n.k.i.DiagnosticsManager]:   - Total: 2014-03-26T19:04:24+0100 - 0,00 B
2014-03-26 18:04:24.528+0000 INFO  [o.n.k.i.DiagnosticsManager]:   store_lock: 2014-03-26T19:04:21+0100 - 0,00 B
2014-03-26 18:04:24.528+0000 INFO  [o.n.k.i.DiagnosticsManager]:   tm_tx_log.1: 2014-03-26T19:04:24+0100 - 0,00 B
2014-03-26 18:04:24.528+0000 INFO  [o.n.k.i.DiagnosticsManager]: --- STARTED diagnostics for KernelDiagnostics:StoreFiles END ---
2014-03-26 18:04:24.528+0000 INFO  [o.n.k.EmbeddedGraphDatabase]: Database is now ready
2014-03-26 18:04:24.528+0000 INFO  [o.n.k.EmbeddedGraphDatabase]: Shutdown started
2014-03-26 18:04:24.528+0000 INFO  [o.n.k.EmbeddedGraphDatabase]: Database is now unavailable
2014-03-26 18:04:24.528+0000 INFO  [o.n.k.EmbeddedGraphDatabase]: GC Monitor started. 
2014-03-26 18:04:24.528+0000 INFO  [o.n.k.EmbeddedGraphDatabase]: GC Monitor stopped. 
2014-03-26 18:04:24.606+0000 INFO  [o.n.k.i.t.x.XaLogicalLog]: Closed log C:\Users\Jose Enrique\Documents\Neo4j\BDObservaciones\index\lucene.log
2014-03-26 18:04:24.637+0000 INFO  [o.n.k.i.t.TxManager]: TM shutting down
2014-03-26 18:04:24.855+0000 INFO  [o.n.k.i.t.x.XaLogicalLog]: Closed log C:\Users\Jose Enrique\Documents\Neo4j\BDObservaciones\nioneo_logical.log
2014-03-26 18:04:25.244+0000 INFO  [o.n.k.i.n.s.StoreFactory]: C:\Users\Jose Enrique\Documents\Neo4j\BDObservaciones\neostore.relationshiptypestore.db.names hit=0 miss=0 switches=0 ooe=0
2014-03-26 18:04:25.468+0000 INFO  [o.n.k.i.n.s.StoreFactory]: C:\Users\Jose Enrique\Documents\Neo4j\BDObservaciones\neostore.relationshiptypestore.db hit=0 miss=0 switches=0 ooe=0
2014-03-26 18:04:25.556+0000 INFO  [o.n.k.i.n.s.StoreFactory]: C:\Users\Jose Enrique\Documents\Neo4j\BDObservaciones\neostore.labeltokenstore.db.names hit=0 miss=0 switches=0 ooe=0
2014-03-26 18:04:25.612+0000 INFO  [o.n.k.i.n.s.StoreFactory]: C:\Users\Jose Enrique\Documents\Neo4j\BDObservaciones\neostore.labeltokenstore.db hit=0 miss=0 switches=0 ooe=0
2014-03-26 18:04:25.692+0000 INFO  [o.n.k.i.n.s.StoreFactory]: C:\Users\Jose Enrique\Documents\Neo4j\BDObservaciones\neostore.propertystore.db.strings hit=0 miss=0 switches=0 ooe=0
2014-03-26 18:04:25.739+0000 INFO  [o.n.k.i.n.s.StoreFactory]: C:\Users\Jose Enrique\Documents\Neo4j\BDObservaciones\neostore.propertystore.db.index.keys hit=0 miss=0 switches=0 ooe=0
2014-03-26 18:04:25.864+0000 INFO  [o.n.k.i.n.s.StoreFactory]: C:\Users\Jose Enrique\Documents\Neo4j\BDObservaciones\neostore.propertystore.db.index hit=0 miss=0 switches=0 ooe=0
2014-03-26 18:04:26.020+0000 INFO  [o.n.k.i.n.s.StoreFactory]: C:\Users\Jose Enrique\Documents\Neo4j\BDObservaciones\neostore.propertystore.db.arrays hit=0 miss=0 switches=0 ooe=0
2014-03-26 18:04:26.129+0000 INFO  [o.n.k.i.n.s.StoreFactory]: C:\Users\Jose Enrique\Documents\Neo4j\BDObservaciones\neostore.propertystore.db hit=0 miss=0 switches=0 ooe=0
2014-03-26 18:04:26.207+0000 INFO  [o.n.k.i.n.s.StoreFactory]: C:\Users\Jose Enrique\Documents\Neo4j\BDObservaciones\neostore.relationshipstore.db hit=0 miss=0 switches=0 ooe=0
2014-03-26 18:04:26.285+0000 INFO  [o.n.k.i.n.s.StoreFactory]: C:\Users\Jose Enrique\Documents\Neo4j\BDObservaciones\neostore.nodestore.db.labels hit=0 miss=0 switches=0 ooe=0
2014-03-26 18:04:26.410+0000 INFO  [o.n.k.i.n.s.StoreFactory]: C:\Users\Jose Enrique\Documents\Neo4j\BDObservaciones\neostore.nodestore.db hit=0 miss=0 switches=0 ooe=0
2014-03-26 18:04:26.519+0000 INFO  [o.n.k.i.n.s.StoreFactory]: C:\Users\Jose Enrique\Documents\Neo4j\BDObservaciones\neostore.schemastore.db hit=0 miss=0 switches=0 ooe=0
2014-03-26 18:04:26.597+0000 INFO  [o.n.k.i.n.s.StoreFactory]: C:\Users\Jose Enrique\Documents\Neo4j\BDObservaciones\neostore hit=0 miss=16 switches=0 ooe=0
2014-03-26 18:04:26.691+0000 INFO  [o.n.k.i.n.x.NeoStoreXaDataSource]: NeoStore closed
2014-03-26 18:04:26.691+0000 INFO  [o.n.k.i.DiagnosticsManager]: --- STOPPING diagnostics START ---
2014-03-26 18:04:26.691+0000 INFO  [o.n.k.i.DiagnosticsManager]: --- STOPPING diagnostics END ---
2014-03-26 18:04:26.706+0000 INFO  [o.n.k.i.DiagnosticsManager]: --- INITIALIZED diagnostics START ---
2014-03-26 18:04:26.706+0000 INFO  [o.n.k.i.DiagnosticsManager]: Neo4j Kernel properties:
2014-03-26 18:04:26.706+0000 INFO  [o.n.k.i.DiagnosticsManager]: neostore.propertystore.db.mapped_memory=15M
2014-03-26 18:04:26.706+0000 INFO  [o.n.k.i.DiagnosticsManager]: neostore.nodestore.db.mapped_memory=4M
2014-03-26 18:04:26.706+0000 INFO  [o.n.k.i.DiagnosticsManager]: neostore.propertystore.db.strings.mapped_memory=12M
2014-03-26 18:04:26.706+0000 INFO  [o.n.k.i.DiagnosticsManager]: neo4j.ext.udc.source=server
2014-03-26 18:04:26.706+0000 INFO  [o.n.k.i.DiagnosticsManager]: store_dir=C:\Users\Jose Enrique\Documents\Neo4j\BDObservaciones
2014-03-26 18:04:26.706+0000 INFO  [o.n.k.i.DiagnosticsManager]: neostore.relationshipstore.db.mapped_memory=18M
2014-03-26 18:04:26.706+0000 INFO  [o.n.k.i.DiagnosticsManager]: keep_logical_logs=true
2014-03-26 18:04:26.706+0000 INFO  [o.n.k.i.DiagnosticsManager]: neostore.propertystore.db.arrays.mapped_memory=14M
2014-03-26 18:04:26.706+0000 INFO  [o.n.k.i.DiagnosticsManager]: remote_shell_enabled=true
2014-03-26 18:04:26.706+0000 INFO  [o.n.k.i.DiagnosticsManager]: ephemeral=false
2014-03-26 18:04:26.706+0000 INFO  [o.n.k.i.DiagnosticsManager]: Diagnostics providers:
2014-03-26 18:04:26.706+0000 INFO  [o.n.k.i.DiagnosticsManager]: org.neo4j.kernel.configuration.Config
2014-03-26 18:04:26.706+0000 INFO  [o.n.k.i.DiagnosticsManager]: org.neo4j.kernel.info.DiagnosticsManager
2014-03-26 18:04:26.706+0000 INFO  [o.n.k.i.DiagnosticsManager]: SYSTEM_MEMORY
2014-03-26 18:04:26.706+0000 INFO  [o.n.k.i.DiagnosticsManager]: JAVA_MEMORY
2014-03-26 18:04:26.706+0000 INFO  [o.n.k.i.DiagnosticsManager]: OPERATING_SYSTEM
2014-03-26 18:04:26.706+0000 INFO  [o.n.k.i.DiagnosticsManager]: JAVA_VIRTUAL_MACHINE
2014-03-26 18:04:26.706+0000 INFO  [o.n.k.i.DiagnosticsManager]: CLASSPATH
2014-03-26 18:04:26.706+0000 INFO  [o.n.k.i.DiagnosticsManager]: LIBRARY_PATH
2014-03-26 18:04:26.706+0000 INFO  [o.n.k.i.DiagnosticsManager]: SYSTEM_PROPERTIES
2014-03-26 18:04:26.706+0000 INFO  [o.n.k.i.DiagnosticsManager]: NETWORK
2014-03-26 18:04:26.706+0000 INFO  [o.n.k.i.DiagnosticsManager]: System memory information:
2014-03-26 18:04:26.706+0000 INFO  [o.n.k.i.DiagnosticsManager]: Total Physical memory: 2,00 GB
2014-03-26 18:04:26.706+0000 INFO  [o.n.k.i.DiagnosticsManager]: Free Physical memory: 1,69 GB
2014-03-26 18:04:26.706+0000 INFO  [o.n.k.i.DiagnosticsManager]: Committed virtual memory: 111,30 MB
2014-03-26 18:04:26.706+0000 INFO  [o.n.k.i.DiagnosticsManager]: Total swap space: 4,00 GB
2014-03-26 18:04:26.706+0000 INFO  [o.n.k.i.DiagnosticsManager]: Free swap space: 4,00 GB
2014-03-26 18:04:26.706+0000 INFO  [o.n.k.i.DiagnosticsManager]: JVM memory information:
2014-03-26 18:04:26.706+0000 INFO  [o.n.k.i.DiagnosticsManager]: Free  memory: 12,66 MB
2014-03-26 18:04:26.706+0000 INFO  [o.n.k.i.DiagnosticsManager]: Total memory: 37,70 MB
2014-03-26 18:04:26.706+0000 INFO  [o.n.k.i.DiagnosticsManager]: Max   memory: 247,50 MB
2014-03-26 18:04:26.706+0000 INFO  [o.n.k.i.DiagnosticsManager]: Garbage Collector: Copy: [Eden Space, Survivor Space]
2014-03-26 18:04:26.706+0000 INFO  [o.n.k.i.DiagnosticsManager]: Garbage Collector: MarkSweepCompact: [Eden Space, Survivor Space, Tenured Gen, Perm Gen, Perm Gen [shared-ro], Perm Gen [shared-rw]]
2014-03-26 18:04:26.706+0000 INFO  [o.n.k.i.DiagnosticsManager]: Memory Pool: Code Cache (Non-heap memory): committed=3,84 MB, used=3,84 MB, max=32,00 MB, threshold=0,00 B
2014-03-26 18:04:26.706+0000 INFO  [o.n.k.i.DiagnosticsManager]: Memory Pool: Eden Space (Heap memory): committed=10,56 MB, used=7,59 MB, max=68,31 MB, threshold=?
2014-03-26 18:04:26.706+0000 INFO  [o.n.k.i.DiagnosticsManager]: Memory Pool: Survivor Space (Heap memory): committed=1,25 MB, used=387,34 kB, max=8,50 MB, threshold=?
2014-03-26 18:04:26.706+0000 INFO  [o.n.k.i.DiagnosticsManager]: Memory Pool: Tenured Gen (Heap memory): committed=25,89 MB, used=17,07 MB, max=170,69 MB, threshold=0,00 B
2014-03-26 18:04:26.706+0000 INFO  [o.n.k.i.DiagnosticsManager]: Memory Pool: Perm Gen (Non-heap memory): committed=26,25 MB, used=26,17 MB, max=64,00 MB, threshold=0,00 B
2014-03-26 18:04:26.706+0000 INFO  [o.n.k.i.DiagnosticsManager]: Memory Pool: Perm Gen [shared-ro] (Non-heap memory): committed=10,00 MB, used=4,20 MB, max=10,00 MB, threshold=0,00 B
2014-03-26 18:04:26.706+0000 INFO  [o.n.k.i.DiagnosticsManager]: Memory Pool: Perm Gen [shared-rw] (Non-heap memory): committed=12,00 MB, used=6,28 MB, max=12,00 MB, threshold=0,00 B
2014-03-26 18:04:26.706+0000 INFO  [o.n.k.i.DiagnosticsManager]: Operating system information:
2014-03-26 18:04:26.706+0000 INFO  [o.n.k.i.DiagnosticsManager]: Operating System: Windows Vista; version: 6.0; arch: x86; cpus: 2
2014-03-26 18:04:26.706+0000 INFO  [o.n.k.i.DiagnosticsManager]: Process id: 3096@JoseEnrique1
2014-03-26 18:04:26.706+0000 INFO  [o.n.k.i.DiagnosticsManager]: Byte order: LITTLE_ENDIAN
2014-03-26 18:04:26.706+0000 INFO  [o.n.k.i.DiagnosticsManager]: Local timezone: Europe/Paris
2014-03-26 18:04:26.706+0000 INFO  [o.n.k.i.DiagnosticsManager]: JVM information:
2014-03-26 18:04:26.706+0000 INFO  [o.n.k.i.DiagnosticsManager]: VM Name: Java HotSpot(TM) Client VM
2014-03-26 18:04:26.706+0000 INFO  [o.n.k.i.DiagnosticsManager]: VM Vendor: Oracle Corporation
2014-03-26 18:04:26.706+0000 INFO  [o.n.k.i.DiagnosticsManager]: VM Version: 24.51-b03
2014-03-26 18:04:26.706+0000 INFO  [o.n.k.i.DiagnosticsManager]: JIT compiler: HotSpot Client Compiler
2014-03-26 18:04:26.706+0000 INFO  [o.n.k.i.DiagnosticsManager]: VM Arguments: [-Dexe4j.semaphoreName=Local\c:_program_files_neo4j_community_bin_neo4j-community.exe, -Dexe4j.isInstall4j=true, -Dexe4j.moduleName=C:\Program Files\Neo4j Community\bin\neo4j-community.exe, -Dexe4j.processCommFile=C:\Users\JOSEEN~1\AppData\Local\Temp\e4j_p3096.tmp, -Dexe4j.tempDir=, -Dexe4j.unextractedPosition=0, -Djava.library.path=C:\Windows\system32;C:\Windows;C:\Windows\System32\Wbem;C:\Program Files\Microsoft SQL Server\90\Tools\binn\;C:\Acer\Empowering Technology\eDataSecurity\;C:\Acer\Empowering Technology\eDataSecurity\x86;C:\Acer\Empowering Technology\eDataSecurity\x64;C:\Windows\System32\WindowsPowerShell\v1.0\;C:\Program Files\Intel\WiFi\bin\;D:\adt-bundle-windows-x86-20130917\adt-bundle-windows-x86-20130917\sdk\platform-tools;C:\apache-maven-3.2.1\bin;C:\Windows\system32;C:\Windows;C:\Windows\System32\Wbem;C:\Program Files\Microsoft SQL Server\90\Tools\binn\;C:\Acer\Empowering Technology\eDataSecurity\;C:\Acer\Empowering Technology\eDataSecurity\x86;C:\Acer\Empowering Technology\eDataSecurity\x64;C:\Windows\System32\WindowsPowerShell\v1.0\;C:\Program Files\Intel\WiFi\bin\;D:\adt-bundle-windows-x86-20130917\adt-bundle-windows-x86-20130917\sdk\platform-tools;c:\program files\java\jre7\bin, -Dexe4j.consoleCodepage=cp0, -Dinstall4j.launcherId=24, -Dinstall4j.swt=false]
2014-03-26 18:04:26.706+0000 INFO  [o.n.k.i.DiagnosticsManager]: Java classpath:
2014-03-26 18:04:26.706+0000 INFO  [o.n.k.i.DiagnosticsManager]:  [bootstrap] C:\Program Files\Java\jre7\lib\resources.jar
2014-03-26 18:04:26.706+0000 INFO  [o.n.k.i.DiagnosticsManager]:  [classpath] C:\Program Files\Neo4j Community\.install4j\i4jruntime.jar
2014-03-26 18:04:26.706+0000 INFO  [o.n.k.i.DiagnosticsManager]:  [loader.1] file:/C:/Program%20Files/Java/jre7/lib/ext/localedata.jar
2014-03-26 18:04:26.706+0000 INFO  [o.n.k.i.DiagnosticsManager]:  [loader.0] file:/C:/Program%20Files/Neo4j%20Community/bin/neo4j-desktop-2.0.0.jar
2014-03-26 18:04:26.706+0000 INFO  [o.n.k.i.DiagnosticsManager]:  [loader.1] file:/C:/Program%20Files/Java/jre7/lib/ext/zipfs.jar
2014-03-26 18:04:26.706+0000 INFO  [o.n.k.i.DiagnosticsManager]:  [bootstrap] C:\Program Files\Java\jre7\classes
2014-03-26 18:04:26.706+0000 INFO  [o.n.k.i.DiagnosticsManager]:  [loader.1] file:/C:/Program%20Files/Java/jre7/lib/ext/sunjce_provider.jar
2014-03-26 18:04:26.706+0000 INFO  [o.n.k.i.DiagnosticsManager]:  [loader.1] file:/C:/Program%20Files/Java/jre7/lib/ext/jaccess.jar
2014-03-26 18:04:26.706+0000 INFO  [o.n.k.i.DiagnosticsManager]:  [bootstrap] C:\Program Files\Java\jre7\lib\jfr.jar
2014-03-26 18:04:26.706+0000 INFO  [o.n.k.i.DiagnosticsManager]:  [classpath] C:\Program Files\Neo4j Community\bin\neo4j-desktop-2.0.0.jar
2014-03-26 18:04:26.706+0000 INFO  [o.n.k.i.DiagnosticsManager]:  [bootstrap] C:\Program Files\Java\jre7\lib\jsse.jar
2014-03-26 18:04:26.722+0000 INFO  [o.n.k.i.DiagnosticsManager]:  [loader.1] file:/C:/Program%20Files/Java/jre7/lib/ext/sunmscapi.jar
2014-03-26 18:04:26.722+0000 INFO  [o.n.k.i.DiagnosticsManager]:  [loader.0] file:/C:/Program%20Files/Neo4j%20Community/bin/
2014-03-26 18:04:26.722+0000 INFO  [o.n.k.i.DiagnosticsManager]:  [bootstrap] C:\Program Files\Java\jre7\lib\jce.jar
2014-03-26 18:04:26.722+0000 INFO  [o.n.k.i.DiagnosticsManager]:  [bootstrap] C:\Program Files\Java\jre7\lib\rt.jar
2014-03-26 18:04:26.722+0000 INFO  [o.n.k.i.DiagnosticsManager]:  [loader.1] file:/C:/Program%20Files/Java/jre7/lib/ext/access-bridge.jar
2014-03-26 18:04:26.722+0000 INFO  [o.n.k.i.DiagnosticsManager]:  [bootstrap] C:\Program Files\Java\jre7\lib\sunrsasign.jar
2014-03-26 18:04:26.722+0000 INFO  [o.n.k.i.DiagnosticsManager]:  [loader.1] file:/C:/Program%20Files/Java/jre7/lib/ext/sunpkcs11.jar
2014-03-26 18:04:26.722+0000 INFO  [o.n.k.i.DiagnosticsManager]:  [loader.1] file:/C:/Program%20Files/Java/jre7/lib/ext/dnsns.jar
2014-03-26 18:04:26.722+0000 INFO  [o.n.k.i.DiagnosticsManager]:  [bootstrap] C:\Program Files\Java\jre7\lib\charsets.jar
2014-03-26 18:04:26.722+0000 INFO  [o.n.k.i.DiagnosticsManager]:  [loader.0] file:/C:/Program%20Files/Neo4j%20Community/.install4j/i4jruntime.jar
2014-03-26 18:04:26.722+0000 INFO  [o.n.k.i.DiagnosticsManager]:  [loader.1] file:/C:/Program%20Files/Java/jre7/lib/ext/sunec.jar
2014-03-26 18:04:26.722+0000 INFO  [o.n.k.i.DiagnosticsManager]: Library path:
2014-03-26 18:04:26.722+0000 INFO  [o.n.k.i.DiagnosticsManager]: C:\Windows\System32
2014-03-26 18:04:26.722+0000 INFO  [o.n.k.i.DiagnosticsManager]: C:\Windows
2014-03-26 18:04:26.722+0000 INFO  [o.n.k.i.DiagnosticsManager]: C:\Windows\System32\wbem
2014-03-26 18:04:26.722+0000 INFO  [o.n.k.i.DiagnosticsManager]: C:\Program Files\Microsoft SQL Server\90\Tools\Binn
2014-03-26 18:04:26.722+0000 INFO  [o.n.k.i.DiagnosticsManager]: C:\Acer\Empowering Technology\eDataSecurity
2014-03-26 18:04:26.722+0000 INFO  [o.n.k.i.DiagnosticsManager]: C:\Acer\Empowering Technology\eDataSecurity\x86
2014-03-26 18:04:26.722+0000 INFO  [o.n.k.i.DiagnosticsManager]: C:\Acer\Empowering Technology\eDataSecurity\x64
2014-03-26 18:04:26.722+0000 INFO  [o.n.k.i.DiagnosticsManager]: C:\Windows\System32\WindowsPowerShell\v1.0
2014-03-26 18:04:26.722+0000 INFO  [o.n.k.i.DiagnosticsManager]: C:\Program Files\Intel\WiFi\bin
2014-03-26 18:04:26.722+0000 INFO  [o.n.k.i.DiagnosticsManager]: D:\adt-bundle-windows-x86-20130917\adt-bundle-windows-x86-20130917\sdk\platform-tools
2014-03-26 18:04:26.722+0000 INFO  [o.n.k.i.DiagnosticsManager]: C:\apache-maven-3.2.1\bin
2014-03-26 18:04:26.722+0000 INFO  [o.n.k.i.DiagnosticsManager]: C:\Windows\System32
2014-03-26 18:04:26.722+0000 INFO  [o.n.k.i.DiagnosticsManager]: C:\Windows
2014-03-26 18:04:26.722+0000 INFO  [o.n.k.i.DiagnosticsManager]: C:\Windows\System32\wbem
2014-03-26 18:04:26.722+0000 INFO  [o.n.k.i.DiagnosticsManager]: C:\Program Files\Microsoft SQL Server\90\Tools\Binn
2014-03-26 18:04:26.722+0000 INFO  [o.n.k.i.DiagnosticsManager]: C:\Acer\Empowering Technology\eDataSecurity
2014-03-26 18:04:26.722+0000 INFO  [o.n.k.i.DiagnosticsManager]: C:\Acer\Empowering Technology\eDataSecurity\x86
2014-03-26 18:04:26.722+0000 INFO  [o.n.k.i.DiagnosticsManager]: C:\Acer\Empowering Technology\eDataSecurity\x64
2014-03-26 18:04:26.722+0000 INFO  [o.n.k.i.DiagnosticsManager]: C:\Windows\System32\WindowsPowerShell\v1.0
2014-03-26 18:04:26.722+0000 INFO  [o.n.k.i.DiagnosticsManager]: C:\Program Files\Intel\WiFi\bin
2014-03-26 18:04:26.722+0000 INFO  [o.n.k.i.DiagnosticsManager]: D:\adt-bundle-windows-x86-20130917\adt-bundle-windows-x86-20130917\sdk\platform-tools
2014-03-26 18:04:26.722+0000 INFO  [o.n.k.i.DiagnosticsManager]: C:\Program Files\Java\jre7\bin
2014-03-26 18:04:26.722+0000 INFO  [o.n.k.i.DiagnosticsManager]: System.properties:
2014-03-26 18:04:26.722+0000 INFO  [o.n.k.i.DiagnosticsManager]: exe4j.moduleName = C:\Program Files\Neo4j Community\bin\neo4j-community.exe
2014-03-26 18:04:26.722+0000 INFO  [o.n.k.i.DiagnosticsManager]: exe4j.processCommFile = C:\Users\JOSEEN~1\AppData\Local\Temp\e4j_p3096.tmp
2014-03-26 18:04:26.722+0000 INFO  [o.n.k.i.DiagnosticsManager]: exe4j.semaphoreName = Local\c:_program_files_neo4j_community_bin_neo4j-community.exe
2014-03-26 18:04:26.722+0000 INFO  [o.n.k.i.DiagnosticsManager]: sun.boot.library.path = c:\program files\java\jre7\bin
2014-03-26 18:04:26.722+0000 INFO  [o.n.k.i.DiagnosticsManager]: exe4j.consoleCodepage = cp0
2014-03-26 18:04:26.722+0000 INFO  [o.n.k.i.DiagnosticsManager]: path.separator = ;
2014-03-26 18:04:26.722+0000 INFO  [o.n.k.i.DiagnosticsManager]: file.encoding.pkg = sun.io
2014-03-26 18:04:26.722+0000 INFO  [o.n.k.i.DiagnosticsManager]: user.country = ES
2014-03-26 18:04:26.722+0000 INFO  [o.n.k.i.DiagnosticsManager]: user.script = 
2014-03-26 18:04:26.722+0000 INFO  [o.n.k.i.DiagnosticsManager]: sun.os.patch.level = Service Pack 1
2014-03-26 18:04:26.722+0000 INFO  [o.n.k.i.DiagnosticsManager]: install4j.exeDir = C:\Program Files\Neo4j Community\bin\
2014-03-26 18:04:26.722+0000 INFO  [o.n.k.i.DiagnosticsManager]: user.dir = C:\Program Files\Neo4j Community\bin
2014-03-26 18:04:26.722+0000 INFO  [o.n.k.i.DiagnosticsManager]: user.variant = 
2014-03-26 18:04:26.722+0000 INFO  [o.n.k.i.DiagnosticsManager]: exe4j.tempDir = 
2014-03-26 18:04:26.722+0000 INFO  [o.n.k.i.DiagnosticsManager]: sun.jnu.encoding = Cp1252
2014-03-26 18:04:26.722+0000 INFO  [o.n.k.i.DiagnosticsManager]: sun.awt.enableExtraMouseButtons = true
2014-03-26 18:04:26.722+0000 INFO  [o.n.k.i.DiagnosticsManager]: install4j.launcherId = 24
2014-03-26 18:04:26.722+0000 INFO  [o.n.k.i.DiagnosticsManager]: sun.management.compiler = HotSpot Client Compiler
2014-03-26 18:04:26.722+0000 INFO  [o.n.k.i.DiagnosticsManager]: exe4j.isInstall4j = true
2014-03-26 18:04:26.722+0000 INFO  [o.n.k.i.DiagnosticsManager]: install4j.swt = false
2014-03-26 18:04:26.722+0000 INFO  [o.n.k.i.DiagnosticsManager]: user.home = C:\Users\Jose Enrique
2014-03-26 18:04:26.722+0000 INFO  [o.n.k.i.DiagnosticsManager]: user.timezone = Europe/Paris
2014-03-26 18:04:26.722+0000 INFO  [o.n.k.i.DiagnosticsManager]: file.encoding = Cp1252
2014-03-26 18:04:26.722+0000 INFO  [o.n.k.i.DiagnosticsManager]: neo4j.ext.udc.launcher = desktop
2014-03-26 18:04:26.722+0000 INFO  [o.n.k.i.DiagnosticsManager]: user.name = Jose Enrique
2014-03-26 18:04:26.722+0000 INFO  [o.n.k.i.DiagnosticsManager]: sun.java.command = C:\Program Files\Neo4j Community\bin\neo4j-community.exe
2014-03-26 18:04:26.722+0000 INFO  [o.n.k.i.DiagnosticsManager]: sun.arch.data.model = 32
2014-03-26 18:04:26.722+0000 INFO  [o.n.k.i.DiagnosticsManager]: exe4j.launchName = C:\Program Files\Neo4j Community\bin\neo4j-community.exe
2014-03-26 18:04:26.722+0000 INFO  [o.n.k.i.DiagnosticsManager]: user.language = es
2014-03-26 18:04:26.722+0000 INFO  [o.n.k.i.DiagnosticsManager]: awt.toolkit = sun.awt.windows.WToolkit
2014-03-26 18:04:26.722+0000 INFO  [o.n.k.i.DiagnosticsManager]: exe4j.unextractedPosition = 0
2014-03-26 18:04:26.722+0000 INFO  [o.n.k.i.DiagnosticsManager]: install4j.appDir = C:\Program Files\Neo4j Community\
2014-03-26 18:04:26.722+0000 INFO  [o.n.k.i.DiagnosticsManager]: file.separator = \
2014-03-26 18:04:26.722+0000 INFO  [o.n.k.i.DiagnosticsManager]: sun.io.unicode.encoding = UnicodeLittle
2014-03-26 18:04:26.722+0000 INFO  [o.n.k.i.DiagnosticsManager]: sun.cpu.endian = little
2014-03-26 18:04:26.722+0000 INFO  [o.n.k.i.DiagnosticsManager]: sun.desktop = windows
2014-03-26 18:04:26.722+0000 INFO  [o.n.k.i.DiagnosticsManager]: sun.cpu.isalist = pentium_pro+mmx pentium_pro pentium+mmx pentium i486 i386 i86
2014-03-26 18:04:26.722+0000 INFO  [o.n.k.i.DiagnosticsManager]: Network information:
2014-03-26 18:04:26.956+0000 INFO  [o.n.k.i.DiagnosticsManager]: Interface Software Loopback Interface 1:
2014-03-26 18:04:26.972+0000 INFO  [o.n.k.i.DiagnosticsManager]:     address: 127.0.0.1
2014-03-26 18:04:26.972+0000 INFO  [o.n.k.i.DiagnosticsManager]:     address: 0:0:0:0:0:0:0:1
2014-03-26 18:04:26.972+0000 INFO  [o.n.k.i.DiagnosticsManager]: Interface Minipuerto WAN (L2TP):
2014-03-26 18:04:26.972+0000 INFO  [o.n.k.i.DiagnosticsManager]: Interface Minipuerto WAN (PPTP):
2014-03-26 18:04:26.972+0000 INFO  [o.n.k.i.DiagnosticsManager]: Interface Minipuerto WAN (PPPOE):
2014-03-26 18:04:26.972+0000 INFO  [o.n.k.i.DiagnosticsManager]: Interface Minipuerto WAN (IPv6):
2014-03-26 18:04:26.972+0000 INFO  [o.n.k.i.DiagnosticsManager]: Interface Minipuerto WAN (IP):
2014-03-26 18:04:26.972+0000 INFO  [o.n.k.i.DiagnosticsManager]: Interface Adaptador as›nc. de RAS:
2014-03-26 18:04:26.972+0000 INFO  [o.n.k.i.DiagnosticsManager]: Interface WAN Miniport (SSTP):
2014-03-26 18:04:26.972+0000 INFO  [o.n.k.i.DiagnosticsManager]: Interface Minipuerto WAN (Monitor de red):
2014-03-26 18:04:26.972+0000 INFO  [o.n.k.i.DiagnosticsManager]: Interface Puerto de infrarrojos rﬂpidos IrDA:
2014-03-26 18:04:26.972+0000 INFO  [o.n.k.i.DiagnosticsManager]: Interface Broadcom NetLink (TM) Gigabit Ethernet:
2014-03-26 18:04:26.972+0000 INFO  [o.n.k.i.DiagnosticsManager]:     address: fe80:0:0:0:4180:c2d3:c10d:8c5e%11
2014-03-26 18:04:26.972+0000 INFO  [o.n.k.i.DiagnosticsManager]: Interface Dispositivo Bluetooth (TDI protocolo RFCOMM):
2014-03-26 18:04:26.972+0000 INFO  [o.n.k.i.DiagnosticsManager]: Interface Dispositivo Bluetooth (Red de ﬂrea personal):
2014-03-26 18:04:26.972+0000 INFO  [o.n.k.i.DiagnosticsManager]: Interface Intel(R) Wireless WiFi Link 4965AGN:
2014-03-26 18:04:26.972+0000 INFO  [o.n.k.i.DiagnosticsManager]:     address: 192.168.1.14
2014-03-26 18:04:26.972+0000 INFO  [o.n.k.i.DiagnosticsManager]:     address: fe80:0:0:0:8183:a2fe:9033:8904%14
2014-03-26 18:04:26.972+0000 INFO  [o.n.k.i.DiagnosticsManager]: Interface Adaptador ISATAP de Microsoft #2:
2014-03-26 18:04:26.972+0000 INFO  [o.n.k.i.DiagnosticsManager]: Interface Teredo Tunneling Pseudo-Interface:
2014-03-26 18:04:26.972+0000 INFO  [o.n.k.i.DiagnosticsManager]:     address: fe80:0:0:0:0:100:7f:fffe%16
2014-03-26 18:04:26.972+0000 INFO  [o.n.k.i.DiagnosticsManager]: Interface Teredo Tunneling Pseudo-Interface:
2014-03-26 18:04:26.972+0000 INFO  [o.n.k.i.DiagnosticsManager]: Interface Broadcom NetLink (TM) Gigabit Ethernet - VirtualBox Bridged Networking Driver Miniport:
2014-03-26 18:04:26.972+0000 INFO  [o.n.k.i.DiagnosticsManager]: Interface Intel(R) Wireless WiFi Link 4965AGN - VirtualBox Bridged Networking Driver Miniport:
2014-03-26 18:04:26.972+0000 INFO  [o.n.k.i.DiagnosticsManager]: Interface VirtualBox Host-Only Ethernet Adapter:
2014-03-26 18:04:26.972+0000 INFO  [o.n.k.i.DiagnosticsManager]:     address: 192.168.56.1
2014-03-26 18:04:26.972+0000 INFO  [o.n.k.i.DiagnosticsManager]:     address: fe80:0:0:0:ed37:fbe1:ac3c:a364%20
2014-03-26 18:04:26.972+0000 INFO  [o.n.k.i.DiagnosticsManager]: Interface isatap.{49356A7F-362E-490B-A7C4-54B4D1597B15}:
2014-03-26 18:04:26.972+0000 INFO  [o.n.k.i.DiagnosticsManager]:     address: fe80:0:0:0:0:5efe:c0a8:3801%21
2014-03-26 18:04:26.972+0000 INFO  [o.n.k.i.DiagnosticsManager]: Interface VMware Virtual Ethernet Adapter for VMnet1:
2014-03-26 18:04:26.972+0000 INFO  [o.n.k.i.DiagnosticsManager]:     address: 192.168.157.1
2014-03-26 18:04:26.972+0000 INFO  [o.n.k.i.DiagnosticsManager]:     address: fe80:0:0:0:892f:6c21:569:ef15%22
2014-03-26 18:04:26.972+0000 INFO  [o.n.k.i.DiagnosticsManager]: Interface isatap.{F3D65A57-3589-4395-968A-7E2EBB827A6B}:
2014-03-26 18:04:26.972+0000 INFO  [o.n.k.i.DiagnosticsManager]:     address: fe80:0:0:0:0:5efe:c0a8:9d01%23
2014-03-26 18:04:26.972+0000 INFO  [o.n.k.i.DiagnosticsManager]: Interface VMware Virtual Ethernet Adapter for VMnet8:
2014-03-26 18:04:26.972+0000 INFO  [o.n.k.i.DiagnosticsManager]:     address: 192.168.93.1
2014-03-26 18:04:26.972+0000 INFO  [o.n.k.i.DiagnosticsManager]:     address: fe80:0:0:0:7c42:21f5:49ba:8ab1%24
2014-03-26 18:04:26.972+0000 INFO  [o.n.k.i.DiagnosticsManager]: Interface isatap.{EFEDF90B-B5E3-4F97-94BE-34A5CCEFA27B}:
2014-03-26 18:04:26.972+0000 INFO  [o.n.k.i.DiagnosticsManager]:     address: fe80:0:0:0:0:5efe:c0a8:5d01%25
2014-03-26 18:04:26.972+0000 INFO  [o.n.k.i.DiagnosticsManager]: Interface isatap.aulas.uniovi.es:
2014-03-26 18:04:26.972+0000 INFO  [o.n.k.i.DiagnosticsManager]: Interface Broadcom NetLink (TM) Gigabit Ethernet - VirtualBox Bridged Networking Driver Miniport-QoS Packet Scheduler-0000:
2014-03-26 18:04:26.972+0000 INFO  [o.n.k.i.DiagnosticsManager]: Interface VirtualBox Host-Only Ethernet Adapter-QoS Packet Scheduler-0000:
2014-03-26 18:04:26.972+0000 INFO  [o.n.k.i.DiagnosticsManager]: Interface Minipuerto WAN (IPv6)-QoS Packet Scheduler-0000:
2014-03-26 18:04:26.972+0000 INFO  [o.n.k.i.DiagnosticsManager]: Interface Minipuerto WAN (IP)-QoS Packet Scheduler-0000:
2014-03-26 18:04:26.972+0000 INFO  [o.n.k.i.DiagnosticsManager]: Interface Minipuerto WAN (Monitor de red)-QoS Packet Scheduler-0000:
2014-03-26 18:04:26.972+0000 INFO  [o.n.k.i.DiagnosticsManager]: Interface Intel(R) Wireless WiFi Link 4965AGN-Native WiFi Filter Driver-0000:
2014-03-26 18:04:26.972+0000 INFO  [o.n.k.i.DiagnosticsManager]: Interface Intel(R) Wireless WiFi Link 4965AGN - VirtualBox Bridged Networking Driver Miniport-QoS Packet Scheduler-0000:
2014-03-26 18:04:26.972+0000 INFO  [o.n.k.i.DiagnosticsManager]: Interface Adaptador ISATAP de Microsoft #7:
2014-03-26 18:04:26.972+0000 INFO  [o.n.k.i.DiagnosticsManager]:     address: fe80:0:0:0:0:5efe:c0a8:10e%35
2014-03-26 18:04:26.972+0000 INFO  [o.n.k.i.DiagnosticsManager]: --- INITIALIZED diagnostics END ---
2014-03-26 18:04:26.972+0000 INFO  [o.n.k.i.n.s.StoreFactory]: [C:\Users\Jose Enrique\Documents\Neo4j\BDObservaciones\neostore.relationshiptypestore.db.names] brickCount=0 brickSize=0b mappedMem=0b (storeSize=38b)
2014-03-26 18:04:26.972+0000 INFO  [o.n.k.i.n.s.StoreFactory]: [C:\Users\Jose Enrique\Documents\Neo4j\BDObservaciones\neostore.relationshiptypestore.db] brickCount=0 brickSize=0b mappedMem=0b (storeSize=0b)
2014-03-26 18:04:26.972+0000 INFO  [o.n.k.i.n.s.StoreFactory]: [C:\Users\Jose Enrique\Documents\Neo4j\BDObservaciones\neostore.labeltokenstore.db.names] brickCount=0 brickSize=0b mappedMem=0b (storeSize=38b)
2014-03-26 18:04:26.987+0000 INFO  [o.n.k.i.n.s.StoreFactory]: [C:\Users\Jose Enrique\Documents\Neo4j\BDObservaciones\neostore.labeltokenstore.db] brickCount=0 brickSize=0b mappedMem=0b (storeSize=0b)
2014-03-26 18:04:26.987+0000 INFO  [o.n.k.i.n.s.StoreFactory]: [C:\Users\Jose Enrique\Documents\Neo4j\BDObservaciones\neostore.propertystore.db.strings] brickCount=0 brickSize=12544b mappedMem=12582912b (storeSize=128b)
2014-03-26 18:04:26.987+0000 INFO  [o.n.k.i.n.s.StoreFactory]: [C:\Users\Jose Enrique\Documents\Neo4j\BDObservaciones\neostore.propertystore.db.index.keys] brickCount=0 brickSize=0b mappedMem=0b (storeSize=38b)
2014-03-26 18:04:26.987+0000 INFO  [o.n.k.i.n.s.StoreFactory]: [C:\Users\Jose Enrique\Documents\Neo4j\BDObservaciones\neostore.propertystore.db.index] brickCount=0 brickSize=0b mappedMem=0b (storeSize=0b)
2014-03-26 18:04:26.987+0000 INFO  [o.n.k.i.n.s.StoreFactory]: [C:\Users\Jose Enrique\Documents\Neo4j\BDObservaciones\neostore.propertystore.db.arrays] brickCount=0 brickSize=14592b mappedMem=14680064b (storeSize=128b)
2014-03-26 18:04:26.987+0000 INFO  [o.n.k.i.n.s.StoreFactory]: [C:\Users\Jose Enrique\Documents\Neo4j\BDObservaciones\neostore.propertystore.db] brickCount=0 brickSize=157276b mappedMem=15728640b (storeSize=0b)
2014-03-26 18:04:26.987+0000 INFO  [o.n.k.i.n.s.StoreFactory]: [C:\Users\Jose Enrique\Documents\Neo4j\BDObservaciones\neostore.relationshipstore.db] brickCount=0 brickSize=188727b mappedMem=18874368b (storeSize=0b)
2014-03-26 18:04:26.987+0000 INFO  [o.n.k.i.n.s.StoreFactory]: [C:\Users\Jose Enrique\Documents\Neo4j\BDObservaciones\neostore.nodestore.db.labels] brickCount=0 brickSize=0b mappedMem=0b (storeSize=68b)
2014-03-26 18:04:26.987+0000 INFO  [o.n.k.i.n.s.StoreFactory]: [C:\Users\Jose Enrique\Documents\Neo4j\BDObservaciones\neostore.nodestore.db] brickCount=0 brickSize=41930b mappedMem=4194304b (storeSize=0b)
2014-03-26 18:04:26.987+0000 INFO  [o.n.k.i.n.s.StoreFactory]: [C:\Users\Jose Enrique\Documents\Neo4j\BDObservaciones\neostore.schemastore.db] brickCount=0 brickSize=0b mappedMem=0b (storeSize=64b)
2014-03-26 18:04:26.987+0000 INFO  [o.n.k.i.n.s.StoreFactory]: [C:\Users\Jose Enrique\Documents\Neo4j\BDObservaciones\neostore] brickCount=0 brickSize=0b mappedMem=0b (storeSize=63b)
2014-03-26 18:04:27.003+0000 INFO  [o.n.k.i.t.x.XaLogicalLog]: Opened logical log [C:\Users\Jose Enrique\Documents\Neo4j\BDObservaciones\nioneo_logical.log.1] version=1, lastTxId=1 (clean)
2014-03-26 18:04:27.221+0000 INFO  [o.n.k.i.t.TxManager]: TM opening log: C:\Users\Jose Enrique\Documents\Neo4j\BDObservaciones\tm_tx_log.1
2014-03-26 18:04:27.299+0000 INFO  [o.n.k.i.t.x.XaLogicalLog]: Opened logical log [C:\Users\Jose Enrique\Documents\Neo4j\BDObservaciones\index\lucene.log.1] version=1, lastTxId=1 (clean)
2014-03-26 18:04:27.346+0000 INFO  [o.n.k.i.DiagnosticsManager]: --- STARTED diagnostics for KernelDiagnostics:Versions START ---
2014-03-26 18:04:27.346+0000 INFO  [o.n.k.i.DiagnosticsManager]: Graph Database: org.neo4j.kernel.EmbeddedGraphDatabase StoreId[time:1395857061314, id:-2719122372670979764, store version: 13843131341501958]
2014-03-26 18:04:27.346+0000 INFO  [o.n.k.i.DiagnosticsManager]: Kernel version: Neo4j Desktop (neo4j-desktop), version: 2.0.0
2014-03-26 18:04:27.346+0000 INFO  [o.n.k.i.DiagnosticsManager]: Neo4j component versions:
2014-03-26 18:04:27.346+0000 INFO  [o.n.k.i.DiagnosticsManager]:   Neo4j Desktop (neo4j-jmx), version: 2.0.0; revision: 2.0.0:master:601/5cfc38672446b92062b3bc209d584591968f1a0f
2014-03-26 18:04:27.346+0000 INFO  [o.n.k.i.DiagnosticsManager]:   Neo4j Desktop (neo4j-lucene-index), version: 2.0.0; revision: 2.0.0:master:601/5cfc38672446b92062b3bc209d584591968f1a0f
2014-03-26 18:04:27.346+0000 INFO  [o.n.k.i.DiagnosticsManager]:   Neo4j Desktop (neo4j-graph-matching), version: 2.0.0; revision: 2.0.0:master:601/5cfc38672446b92062b3bc209d584591968f1a0f
2014-03-26 18:04:27.346+0000 INFO  [o.n.k.i.DiagnosticsManager]:   Neo4j Desktop (server-api), version: 2.0.0; revision: 2.0.0:master:601/5cfc38672446b92062b3bc209d584591968f1a0f
2014-03-26 18:04:27.346+0000 INFO  [o.n.k.i.DiagnosticsManager]:   Neo4j Desktop (neo4j-cypher), version: 2.0.0; revision: 2.0.0:master:601/5cfc38672446b92062b3bc209d584591968f1a0f
2014-03-26 18:04:27.346+0000 INFO  [o.n.k.i.DiagnosticsManager]:   Neo4j Desktop (neo4j-desktop), version: 2.0.0; revision: 2.0.0:master:601/5cfc38672446b92062b3bc209d584591968f1a0f
2014-03-26 18:04:27.346+0000 INFO  [o.n.k.i.DiagnosticsManager]:   Neo4j Desktop (neo4j-server), version: 2.0.0; revision: 2.0.0:master:601/5cfc38672446b92062b3bc209d584591968f1a0f
2014-03-26 18:04:27.346+0000 INFO  [o.n.k.i.DiagnosticsManager]:   Neo4j Desktop (neo4j-cypher-compiler-2.0), version: 2.0.0; revision: 2.0.0:master:601/5cfc38672446b92062b3bc209d584591968f1a0f
2014-03-26 18:04:27.346+0000 INFO  [o.n.k.i.DiagnosticsManager]:   Neo4j Desktop (neo4j-graph-algo), version: 2.0.0; revision: 2.0.0:master:601/5cfc38672446b92062b3bc209d584591968f1a0f
2014-03-26 18:04:27.346+0000 INFO  [o.n.k.i.DiagnosticsManager]:   Neo4j Desktop (neo4j-shell), version: 2.0.0; revision: 2.0.0:master:601/5cfc38672446b92062b3bc209d584591968f1a0f
2014-03-26 18:04:27.346+0000 INFO  [o.n.k.i.DiagnosticsManager]:   Neo4j Desktop (neo4j-cypher-compiler-1.9), version: 2.0.0; revision: 2.0.0:master:601/5cfc38672446b92062b3bc209d584591968f1a0f
2014-03-26 18:04:27.346+0000 INFO  [o.n.k.i.DiagnosticsManager]:   Neo4j Desktop (neo4j-udc), version: 2.0.0; revision: 2.0.0:master:601/5cfc38672446b92062b3bc209d584591968f1a0f
2014-03-26 18:04:27.362+0000 INFO  [o.n.k.i.DiagnosticsManager]:   Neo4j Desktop (neo4j-cypher-commons), version: 2.0.0; revision: 2.0.0:master:601/5cfc38672446b92062b3bc209d584591968f1a0f
2014-03-26 18:04:27.362+0000 INFO  [o.n.k.i.DiagnosticsManager]: --- STARTED diagnostics for KernelDiagnostics:Versions END ---
2014-03-26 18:04:27.362+0000 INFO  [o.n.k.i.DiagnosticsManager]: --- STARTED diagnostics for NEO_STORE_VERSIONS START ---
2014-03-26 18:04:27.362+0000 INFO  [o.n.k.i.DiagnosticsManager]: Store versions:
2014-03-26 18:04:27.362+0000 INFO  [o.n.k.i.DiagnosticsManager]: Store versions:
2014-03-26 18:04:27.362+0000 INFO  [o.n.k.i.DiagnosticsManager]:   NeoStore v0.A.1
2014-03-26 18:04:27.362+0000 INFO  [o.n.k.i.DiagnosticsManager]:   SchemaStore v0.A.1
2014-03-26 18:04:27.362+0000 INFO  [o.n.k.i.DiagnosticsManager]:   NodeStore v0.A.1
2014-03-26 18:04:27.362+0000 INFO  [o.n.k.i.DiagnosticsManager]:   RelationshipStore v0.A.1
2014-03-26 18:04:27.362+0000 INFO  [o.n.k.i.DiagnosticsManager]:   RelationshipTypeStore v0.A.1
2014-03-26 18:04:27.362+0000 INFO  [o.n.k.i.DiagnosticsManager]:   LabelTokenStore v0.A.1
2014-03-26 18:04:27.362+0000 INFO  [o.n.k.i.DiagnosticsManager]:   PropertyStore v0.A.1
2014-03-26 18:04:27.362+0000 INFO  [o.n.k.i.DiagnosticsManager]:   PropertyIndexStore v0.A.1
2014-03-26 18:04:27.362+0000 INFO  [o.n.k.i.DiagnosticsManager]:   StringPropertyStore v0.A.1
2014-03-26 18:04:27.362+0000 INFO  [o.n.k.i.DiagnosticsManager]:   ArrayPropertyStore v0.A.1
2014-03-26 18:04:27.362+0000 INFO  [o.n.k.i.DiagnosticsManager]: --- STARTED diagnostics for NEO_STORE_VERSIONS END ---
2014-03-26 18:04:27.362+0000 INFO  [o.n.k.i.DiagnosticsManager]: --- STARTED diagnostics for NEO_STORE_ID_USAGE START ---
2014-03-26 18:04:27.362+0000 INFO  [o.n.k.i.DiagnosticsManager]: Id usage:
2014-03-26 18:04:27.362+0000 INFO  [o.n.k.i.DiagnosticsManager]: Id usage:
2014-03-26 18:04:27.362+0000 INFO  [o.n.k.i.DiagnosticsManager]:   SchemaStore: used=1 high=0
2014-03-26 18:04:27.362+0000 INFO  [o.n.k.i.DiagnosticsManager]:   NodeStore: used=0 high=-1
2014-03-26 18:04:27.362+0000 INFO  [o.n.k.i.DiagnosticsManager]:   RelationshipStore: used=0 high=-1
2014-03-26 18:04:27.362+0000 INFO  [o.n.k.i.DiagnosticsManager]:   RelationshipTypeStore: used=0 high=-1
2014-03-26 18:04:27.362+0000 INFO  [o.n.k.i.DiagnosticsManager]:   LabelTokenStore: used=0 high=-1
2014-03-26 18:04:27.362+0000 INFO  [o.n.k.i.DiagnosticsManager]:   PropertyStore: used=0 high=-1
2014-03-26 18:04:27.362+0000 INFO  [o.n.k.i.DiagnosticsManager]:   PropertyIndexStore: used=0 high=-1
2014-03-26 18:04:27.362+0000 INFO  [o.n.k.i.DiagnosticsManager]:   StringPropertyStore: used=1 high=0
2014-03-26 18:04:27.362+0000 INFO  [o.n.k.i.DiagnosticsManager]:   ArrayPropertyStore: used=1 high=0
2014-03-26 18:04:27.362+0000 INFO  [o.n.k.i.DiagnosticsManager]: --- STARTED diagnostics for NEO_STORE_ID_USAGE END ---
2014-03-26 18:04:27.362+0000 INFO  [o.n.k.i.DiagnosticsManager]: --- STARTED diagnostics for PERSISTENCE_WINDOW_POOL_STATS START ---
2014-03-26 18:04:27.362+0000 INFO  [o.n.k.i.DiagnosticsManager]: --- STARTED diagnostics for PERSISTENCE_WINDOW_POOL_STATS END ---
2014-03-26 18:04:27.362+0000 INFO  [o.n.k.i.DiagnosticsManager]: --- STARTED diagnostics for KernelDiagnostics:StoreFiles START ---
2014-03-26 18:04:27.362+0000 INFO  [o.n.k.i.DiagnosticsManager]: Disk space on partition (Total / Free / Free %): 99600818176 / 40435204096 / 40
Storage files: (filename : modification date - size)
2014-03-26 18:04:27.362+0000 INFO  [o.n.k.i.DiagnosticsManager]:   active_tx_log: 2014-03-26T19:04:24+0100 - 11,00 B
2014-03-26 18:04:27.362+0000 INFO  [o.n.k.i.DiagnosticsManager]:   index:
2014-03-26 18:04:27.362+0000 INFO  [o.n.k.i.DiagnosticsManager]:     lucene-store.db: 2014-03-26T19:04:24+0100 - 40,00 B
2014-03-26 18:04:27.362+0000 INFO  [o.n.k.i.DiagnosticsManager]:     lucene.log.1: 2014-03-26T19:04:27+0100 - 16,00 B
2014-03-26 18:04:27.362+0000 INFO  [o.n.k.i.DiagnosticsManager]:     lucene.log.active: 2014-03-26T19:04:27+0100 - 4,00 B
2014-03-26 18:04:27.362+0000 INFO  [o.n.k.i.DiagnosticsManager]:     lucene.log.v0: 2014-03-26T19:04:24+0100 - 16,00 B
2014-03-26 18:04:27.362+0000 INFO  [o.n.k.i.DiagnosticsManager]:   - Total: 2014-03-26T19:04:27+0100 - 76,00 B
2014-03-26 18:04:27.362+0000 INFO  [o.n.k.i.DiagnosticsManager]:   lock: 2014-03-26T19:04:26+0100 - 0,00 B
2014-03-26 18:04:27.362+0000 INFO  [o.n.k.i.DiagnosticsManager]:   messages.log: 2014-03-26T19:04:26+0100 - 80,14 kB
2014-03-26 18:04:27.362+0000 INFO  [o.n.k.i.DiagnosticsManager]:   neo4j.properties: 2014-03-26T19:04:20+0100 - 1,08 kB
2014-03-26 18:04:27.362+0000 INFO  [o.n.k.i.DiagnosticsManager]:   neostore: 2014-03-26T19:04:26+0100 - 63,00 B
2014-03-26 18:04:27.362+0000 INFO  [o.n.k.i.DiagnosticsManager]:   neostore.id: 2014-03-26T19:04:26+0100 - 9,00 B
2014-03-26 18:04:27.362+0000 INFO  [o.n.k.i.DiagnosticsManager]:   neostore.labeltokenstore.db: 2014-03-26T19:04:26+0100 - 0,00 B
2014-03-26 18:04:27.362+0000 INFO  [o.n.k.i.DiagnosticsManager]:   neostore.labeltokenstore.db.id: 2014-03-26T19:04:25+0100 - 9,00 B
2014-03-26 18:04:27.362+0000 INFO  [o.n.k.i.DiagnosticsManager]:   neostore.labeltokenstore.db.names: 2014-03-26T19:04:26+0100 - 38,00 B
2014-03-26 18:04:27.362+0000 INFO  [o.n.k.i.DiagnosticsManager]:   neostore.labeltokenstore.db.names.id: 2014-03-26T19:04:25+0100 - 9,00 B
2014-03-26 18:04:27.362+0000 INFO  [o.n.k.i.DiagnosticsManager]:   neostore.nodestore.db: 2014-03-26T19:04:26+0100 - 0,00 B
2014-03-26 18:04:27.362+0000 INFO  [o.n.k.i.DiagnosticsManager]:   neostore.nodestore.db.id: 2014-03-26T19:04:26+0100 - 9,00 B
2014-03-26 18:04:27.362+0000 INFO  [o.n.k.i.DiagnosticsManager]:   neostore.nodestore.db.labels: 2014-03-26T19:04:26+0100 - 68,00 B
2014-03-26 18:04:27.362+0000 INFO  [o.n.k.i.DiagnosticsManager]:   neostore.nodestore.db.labels.id: 2014-03-26T19:04:26+0100 - 9,00 B
2014-03-26 18:04:27.362+0000 INFO  [o.n.k.i.DiagnosticsManager]:   neostore.propertystore.db: 2014-03-26T19:04:26+0100 - 0,00 B
2014-03-26 18:04:27.362+0000 INFO  [o.n.k.i.DiagnosticsManager]:   neostore.propertystore.db.arrays: 2014-03-26T19:04:26+0100 - 128,00 B
2014-03-26 18:04:27.362+0000 INFO  [o.n.k.i.DiagnosticsManager]:   neostore.propertystore.db.arrays.id: 2014-03-26T19:04:26+0100 - 9,00 B
2014-03-26 18:04:27.362+0000 INFO  [o.n.k.i.DiagnosticsManager]:   neostore.propertystore.db.id: 2014-03-26T19:04:26+0100 - 9,00 B
2014-03-26 18:04:27.362+0000 INFO  [o.n.k.i.DiagnosticsManager]:   neostore.propertystore.db.index: 2014-03-26T19:04:26+0100 - 0,00 B
2014-03-26 18:04:27.362+0000 INFO  [o.n.k.i.DiagnosticsManager]:   neostore.propertystore.db.index.id: 2014-03-26T19:04:25+0100 - 9,00 B
2014-03-26 18:04:27.362+0000 INFO  [o.n.k.i.DiagnosticsManager]:   neostore.propertystore.db.index.keys: 2014-03-26T19:04:26+0100 - 38,00 B
2014-03-26 18:04:27.362+0000 INFO  [o.n.k.i.DiagnosticsManager]:   neostore.propertystore.db.index.keys.id: 2014-03-26T19:04:25+0100 - 9,00 B
2014-03-26 18:04:27.362+0000 INFO  [o.n.k.i.DiagnosticsManager]:   neostore.propertystore.db.strings: 2014-03-26T19:04:26+0100 - 128,00 B
2014-03-26 18:04:27.377+0000 INFO  [o.n.k.i.DiagnosticsManager]:   neostore.propertystore.db.strings.id: 2014-03-26T19:04:25+0100 - 9,00 B
2014-03-26 18:04:27.377+0000 INFO  [o.n.k.i.DiagnosticsManager]:   neostore.relationshipstore.db: 2014-03-26T19:04:26+0100 - 0,00 B
2014-03-26 18:04:27.377+0000 INFO  [o.n.k.i.DiagnosticsManager]:   neostore.relationshipstore.db.id: 2014-03-26T19:04:26+0100 - 9,00 B
2014-03-26 18:04:27.377+0000 INFO  [o.n.k.i.DiagnosticsManager]:   neostore.relationshiptypestore.db: 2014-03-26T19:04:26+0100 - 0,00 B
2014-03-26 18:04:27.377+0000 INFO  [o.n.k.i.DiagnosticsManager]:   neostore.relationshiptypestore.db.id: 2014-03-26T19:04:25+0100 - 9,00 B
2014-03-26 18:04:27.377+0000 INFO  [o.n.k.i.DiagnosticsManager]:   neostore.relationshiptypestore.db.names: 2014-03-26T19:04:26+0100 - 38,00 B
2014-03-26 18:04:27.377+0000 INFO  [o.n.k.i.DiagnosticsManager]:   neostore.relationshiptypestore.db.names.id: 2014-03-26T19:04:25+0100 - 9,00 B
2014-03-26 18:04:27.377+0000 INFO  [o.n.k.i.DiagnosticsManager]:   neostore.schemastore.db: 2014-03-26T19:04:26+0100 - 64,00 B
2014-03-26 18:04:27.377+0000 INFO  [o.n.k.i.DiagnosticsManager]:   neostore.schemastore.db.id: 2014-03-26T19:04:26+0100 - 9,00 B
2014-03-26 18:04:27.377+0000 INFO  [o.n.k.i.DiagnosticsManager]:   nioneo_logical.log.1: 2014-03-26T19:04:27+0100 - 16,00 B
2014-03-26 18:04:27.377+0000 INFO  [o.n.k.i.DiagnosticsManager]:   nioneo_logical.log.active: 2014-03-26T19:04:27+0100 - 4,00 B
2014-03-26 18:04:27.377+0000 INFO  [o.n.k.i.DiagnosticsManager]:   nioneo_logical.log.v0: 2014-03-26T19:04:24+0100 - 16,00 B
2014-03-26 18:04:27.377+0000 INFO  [o.n.k.i.DiagnosticsManager]:   schema:
2014-03-26 18:04:27.377+0000 INFO  [o.n.k.i.DiagnosticsManager]:     label:
2014-03-26 18:04:27.377+0000 INFO  [o.n.k.i.DiagnosticsManager]:       lucene:
2014-03-26 18:04:27.377+0000 INFO  [o.n.k.i.DiagnosticsManager]:         segments.gen: 2014-03-26T19:04:24+0100 - 20,00 B
2014-03-26 18:04:27.377+0000 INFO  [o.n.k.i.DiagnosticsManager]:         segments_1: 2014-03-26T19:04:24+0100 - 32,00 B
2014-03-26 18:04:27.377+0000 INFO  [o.n.k.i.DiagnosticsManager]:         write.lock: 2014-03-26T19:04:27+0100 - 0,00 B
2014-03-26 18:04:27.377+0000 INFO  [o.n.k.i.DiagnosticsManager]:       - Total: 2014-03-26T19:04:27+0100 - 52,00 B
2014-03-26 18:04:27.377+0000 INFO  [o.n.k.i.DiagnosticsManager]:     - Total: 2014-03-26T19:04:24+0100 - 52,00 B
2014-03-26 18:04:27.377+0000 INFO  [o.n.k.i.DiagnosticsManager]:   - Total: 2014-03-26T19:04:24+0100 - 52,00 B
2014-03-26 18:04:27.377+0000 INFO  [o.n.k.i.DiagnosticsManager]:   store_lock: 2014-03-26T19:04:21+0100 - 0,00 B
2014-03-26 18:04:27.377+0000 INFO  [o.n.k.i.DiagnosticsManager]:   tm_tx_log.1: 2014-03-26T19:04:27+0100 - 0,00 B
2014-03-26 18:04:27.377+0000 INFO  [o.n.k.i.DiagnosticsManager]: --- STARTED diagnostics for KernelDiagnostics:StoreFiles END ---
2014-03-26 18:04:27.377+0000 INFO  [o.n.k.EmbeddedGraphDatabase]: Database is now ready
2014-03-26 18:04:27.377+0000 INFO  [o.n.k.EmbeddedGraphDatabase]: GC Monitor started. 
2014-03-26 18:04:27.377+0000 INFO  [o.n.k.i.DiagnosticsManager]: --- SERVER STARTED START ---
2014-03-26 18:04:27.393+0000 INFO  [o.n.k.i.DiagnosticsManager]: --- STARTED diagnostics for org.neo4j.server.configuration.Configurator START ---
2014-03-26 18:04:27.393+0000 INFO  [o.n.k.i.DiagnosticsManager]: Server configuration:
2014-03-26 18:04:27.393+0000 INFO  [o.n.k.i.DiagnosticsManager]: org.neo4j.server.db.tuning.properties = C:\Users\Jose Enrique\Documents\Neo4j\BDObservaciones\neo4j.properties
2014-03-26 18:04:27.393+0000 INFO  [o.n.k.i.DiagnosticsManager]: org.neo4j.server.database.location = C:\Users\Jose Enrique\Documents\Neo4j\BDObservaciones
2014-03-26 18:04:27.393+0000 INFO  [o.n.k.i.DiagnosticsManager]: org.neo4j.server.webserver.port = 7474
2014-03-26 18:04:27.393+0000 INFO  [o.n.k.i.DiagnosticsManager]: org.neo4j.server.webserver.https.port = 7473
2014-03-26 18:04:27.393+0000 INFO  [o.n.k.i.DiagnosticsManager]: org.neo4j.server.http.log.enabled = false
2014-03-26 18:04:27.393+0000 INFO  [o.n.k.i.DiagnosticsManager]: --- STARTED diagnostics for org.neo4j.server.configuration.Configurator END ---
2014-03-26 18:04:27.393+0000 INFO  [o.n.k.i.DiagnosticsManager]: Mounted discovery module (org.neo4j.server.rest.discovery) at: /
2014-03-26 18:04:27.393+0000 INFO  [o.n.k.i.DiagnosticsManager]: Mounted REST API at: /db/data
2014-03-26 18:04:27.393+0000 INFO  [o.n.k.i.DiagnosticsManager]: Mounted management API at: /db/manage
2014-03-26 18:04:27.393+0000 INFO  [o.n.k.i.DiagnosticsManager]: Mounted webadmin at: /webadmin
2014-03-26 18:04:27.393+0000 INFO  [o.n.k.i.DiagnosticsManager]: Mounted Neo4j Browser at: /browser
2014-03-26 18:04:28.703+0000 INFO  [o.n.k.i.DiagnosticsManager]: Server started on: http://localhost:7474/
2014-03-26 18:04:28.703+0000 INFO  [o.n.k.i.DiagnosticsManager]: --- SERVER STARTED END ---
2014-03-26 18:05:00.717+0000 INFO  [o.n.k.EmbeddedGraphDatabase]: Shutdown started
2014-03-26 18:05:00.717+0000 INFO  [o.n.k.EmbeddedGraphDatabase]: Database is now unavailable
2014-03-26 18:05:00.717+0000 INFO  [o.n.k.EmbeddedGraphDatabase]: GC Monitor stopped. 
2014-03-26 18:05:00.764+0000 INFO  [o.n.k.i.t.x.XaLogicalLog]: Closed log C:\Users\Jose Enrique\Documents\Neo4j\BDObservaciones\index\lucene.log
2014-03-26 18:05:00.795+0000 INFO  [o.n.k.i.t.TxManager]: TM shutting down
2014-03-26 18:05:01.310+0000 INFO  [o.n.k.i.t.x.XaLogicalLog]: Closed log C:\Users\Jose Enrique\Documents\Neo4j\BDObservaciones\nioneo_logical.log
2014-03-26 18:05:01.356+0000 INFO  [o.n.k.i.n.s.StoreFactory]: C:\Users\Jose Enrique\Documents\Neo4j\BDObservaciones\neostore.relationshiptypestore.db.names hit=0 miss=1 switches=0 ooe=0
2014-03-26 18:05:01.403+0000 INFO  [o.n.k.i.n.s.StoreFactory]: C:\Users\Jose Enrique\Documents\Neo4j\BDObservaciones\neostore.relationshiptypestore.db hit=0 miss=1 switches=0 ooe=0
2014-03-26 18:05:01.466+0000 INFO  [o.n.k.i.n.s.StoreFactory]: C:\Users\Jose Enrique\Documents\Neo4j\BDObservaciones\neostore.labeltokenstore.db.names hit=0 miss=2 switches=0 ooe=0
2014-03-26 18:05:01.528+0000 INFO  [o.n.k.i.n.s.StoreFactory]: C:\Users\Jose Enrique\Documents\Neo4j\BDObservaciones\neostore.labeltokenstore.db hit=0 miss=2 switches=0 ooe=0
2014-03-26 18:05:01.575+0000 INFO  [o.n.k.i.n.s.StoreFactory]: C:\Users\Jose Enrique\Documents\Neo4j\BDObservaciones\neostore.propertystore.db.strings hit=0 miss=0 switches=0 ooe=0
2014-03-26 18:05:01.637+0000 INFO  [o.n.k.i.n.s.StoreFactory]: C:\Users\Jose Enrique\Documents\Neo4j\BDObservaciones\neostore.propertystore.db.index.keys hit=0 miss=2 switches=0 ooe=0
2014-03-26 18:05:01.731+0000 INFO  [o.n.k.i.n.s.StoreFactory]: C:\Users\Jose Enrique\Documents\Neo4j\BDObservaciones\neostore.propertystore.db.index hit=0 miss=2 switches=0 ooe=0
2014-03-26 18:05:01.793+0000 INFO  [o.n.k.i.n.s.StoreFactory]: C:\Users\Jose Enrique\Documents\Neo4j\BDObservaciones\neostore.propertystore.db.arrays hit=0 miss=0 switches=0 ooe=0
2014-03-26 18:05:01.918+0000 INFO  [o.n.k.i.n.s.StoreFactory]: C:\Users\Jose Enrique\Documents\Neo4j\BDObservaciones\neostore.propertystore.db hit=3 miss=0 switches=0 ooe=0
2014-03-26 18:05:02.074+0000 INFO  [o.n.k.i.n.s.StoreFactory]: C:\Users\Jose Enrique\Documents\Neo4j\BDObservaciones\neostore.relationshipstore.db hit=2 miss=0 switches=0 ooe=0
2014-03-26 18:05:02.246+0000 INFO  [o.n.k.i.n.s.StoreFactory]: C:\Users\Jose Enrique\Documents\Neo4j\BDObservaciones\neostore.nodestore.db.labels hit=0 miss=0 switches=0 ooe=0
2014-03-26 18:05:02.370+0000 INFO  [o.n.k.i.n.s.StoreFactory]: C:\Users\Jose Enrique\Documents\Neo4j\BDObservaciones\neostore.nodestore.db hit=3 miss=0 switches=0 ooe=0
2014-03-26 18:05:02.448+0000 INFO  [o.n.k.i.n.s.StoreFactory]: C:\Users\Jose Enrique\Documents\Neo4j\BDObservaciones\neostore.schemastore.db hit=0 miss=0 switches=0 ooe=0
2014-03-26 18:05:02.526+0000 INFO  [o.n.k.i.n.s.StoreFactory]: C:\Users\Jose Enrique\Documents\Neo4j\BDObservaciones\neostore hit=0 miss=23 switches=0 ooe=0
2014-03-26 18:05:02.589+0000 INFO  [o.n.k.i.n.x.NeoStoreXaDataSource]: NeoStore closed
2014-03-26 18:05:02.589+0000 INFO  [o.n.k.i.DiagnosticsManager]: --- STOPPING diagnostics START ---
2014-03-26 18:05:02.589+0000 INFO  [o.n.k.i.DiagnosticsManager]: --- STOPPING diagnostics END ---
